{"/home/harri/store-backend-Nest.js-Typeorm/src/controllers/app.controller.ts": {"path":"/home/harri/store-backend-Nest.js-Typeorm/src/controllers/app.controller.ts","statementMap":{"0":{"start":{"line":1,"column":0},"end":{"line":1,"column":49}},"1":{"start":{"line":2,"column":0},"end":{"line":2,"column":53}},"2":{"start":{"line":5,"column":7},"end":{"line":12,"column":null}},"3":{"start":{"line":6,"column":31},"end":{"line":6,"column":43}},"4":{"start":{"line":10,"column":4},"end":{"line":10,"column":38}},"5":{"start":{"line":5,"column":13},"end":{"line":5,"column":26}},"6":{"start":{"line":9,"column":2},"end":{"line":11,"column":null}},"7":{"start":{"line":5,"column":13},"end":{"line":12,"column":null}}},"fnMap":{"0":{"name":"(anonymous_2)","decl":{"start":{"line":6,"column":2},"end":{"line":6,"column":31}},"loc":{"start":{"line":6,"column":53},"end":{"line":6,"column":57}}},"1":{"name":"(anonymous_3)","decl":{"start":{"line":9,"column":2},"end":{"line":9,"column":10}},"loc":{"start":{"line":9,"column":10},"end":{"line":11,"column":3}}}},"branchMap":{},"s":{"0":1,"1":1,"2":1,"3":1,"4":0,"5":1,"6":1,"7":1},"f":{"0":1,"1":0},"b":{}}
,"/home/harri/store-backend-Nest.js-Typeorm/src/controllers/client.controller.ts": {"path":"/home/harri/store-backend-Nest.js-Typeorm/src/controllers/client.controller.ts","statementMap":{"0":{"start":{"line":1,"column":0},"end":{"line":1,"column":null}},"1":{"start":{"line":10,"column":0},"end":{"line":10,"column":59}},"2":{"start":{"line":11,"column":0},"end":{"line":11,"column":63}},"3":{"start":{"line":12,"column":0},"end":{"line":12,"column":60}},"4":{"start":{"line":15,"column":7},"end":{"line":74,"column":null}},"5":{"start":{"line":16,"column":31},"end":{"line":16,"column":46}},"6":{"start":{"line":23,"column":19},"end":{"line":25,"column":null}},"7":{"start":{"line":27,"column":4},"end":{"line":27,"column":50}},"8":{"start":{"line":33,"column":6},"end":{"line":33,"column":68}},"9":{"start":{"line":34,"column":4},"end":{"line":34,"column":50}},"10":{"start":{"line":43,"column":19},"end":{"line":46,"column":null}},"11":{"start":{"line":48,"column":4},"end":{"line":48,"column":50}},"12":{"start":{"line":56,"column":19},"end":{"line":58,"column":null}},"13":{"start":{"line":60,"column":4},"end":{"line":60,"column":50}},"14":{"start":{"line":68,"column":21},"end":{"line":70,"column":null}},"15":{"start":{"line":72,"column":4},"end":{"line":72,"column":52}},"16":{"start":{"line":15,"column":13},"end":{"line":15,"column":29}},"17":{"start":{"line":19,"column":8},"end":{"line":28,"column":null}},"18":{"start":{"line":31,"column":8},"end":{"line":35,"column":null}},"19":{"start":{"line":38,"column":8},"end":{"line":49,"column":null}},"20":{"start":{"line":52,"column":8},"end":{"line":61,"column":null}},"21":{"start":{"line":64,"column":8},"end":{"line":73,"column":null}},"22":{"start":{"line":15,"column":13},"end":{"line":74,"column":null}}},"fnMap":{"0":{"name":"(anonymous_4)","decl":{"start":{"line":16,"column":2},"end":{"line":16,"column":31}},"loc":{"start":{"line":16,"column":59},"end":{"line":16,"column":63}}},"1":{"name":"(anonymous_5)","decl":{"start":{"line":19,"column":2},"end":{"line":19,"column":7}},"loc":{"start":{"line":21,"column":48},"end":{"line":28,"column":3}}},"2":{"name":"(anonymous_6)","decl":{"start":{"line":31,"column":2},"end":{"line":31,"column":7}},"loc":{"start":{"line":31,"column":70},"end":{"line":35,"column":3}}},"3":{"name":"(anonymous_7)","decl":{"start":{"line":38,"column":2},"end":{"line":38,"column":7}},"loc":{"start":{"line":41,"column":48},"end":{"line":49,"column":3}}},"4":{"name":"(anonymous_8)","decl":{"start":{"line":52,"column":2},"end":{"line":52,"column":7}},"loc":{"start":{"line":54,"column":43},"end":{"line":61,"column":3}}},"5":{"name":"(anonymous_9)","decl":{"start":{"line":64,"column":2},"end":{"line":64,"column":7}},"loc":{"start":{"line":66,"column":43},"end":{"line":73,"column":3}}}},"branchMap":{},"s":{"0":1,"1":1,"2":1,"3":1,"4":1,"5":1,"6":0,"7":0,"8":0,"9":0,"10":0,"11":0,"12":0,"13":0,"14":0,"15":0,"16":1,"17":1,"18":1,"19":1,"20":1,"21":1,"22":1},"f":{"0":1,"1":0,"2":0,"3":0,"4":0,"5":0},"b":{}}
,"/home/harri/store-backend-Nest.js-Typeorm/src/controllers/craftsman.controller.ts": {"path":"/home/harri/store-backend-Nest.js-Typeorm/src/controllers/craftsman.controller.ts","statementMap":{"0":{"start":{"line":1,"column":0},"end":{"line":1,"column":null}},"1":{"start":{"line":10,"column":0},"end":{"line":10,"column":65}},"2":{"start":{"line":11,"column":0},"end":{"line":11,"column":57}},"3":{"start":{"line":12,"column":0},"end":{"line":12,"column":60}},"4":{"start":{"line":15,"column":7},"end":{"line":66,"column":null}},"5":{"start":{"line":16,"column":31},"end":{"line":16,"column":49}},"6":{"start":{"line":24,"column":18},"end":{"line":27,"column":null}},"7":{"start":{"line":29,"column":4},"end":{"line":29,"column":49}},"8":{"start":{"line":35,"column":6},"end":{"line":35,"column":74}},"9":{"start":{"line":36,"column":4},"end":{"line":36,"column":53}},"10":{"start":{"line":46,"column":18},"end":{"line":50,"column":null}},"11":{"start":{"line":52,"column":4},"end":{"line":52,"column":49}},"12":{"start":{"line":60,"column":22},"end":{"line":62,"column":null}},"13":{"start":{"line":64,"column":4},"end":{"line":64,"column":53}},"14":{"start":{"line":15,"column":13},"end":{"line":15,"column":32}},"15":{"start":{"line":19,"column":8},"end":{"line":30,"column":null}},"16":{"start":{"line":33,"column":8},"end":{"line":37,"column":null}},"17":{"start":{"line":40,"column":8},"end":{"line":53,"column":null}},"18":{"start":{"line":56,"column":8},"end":{"line":65,"column":null}},"19":{"start":{"line":15,"column":13},"end":{"line":66,"column":null}}},"fnMap":{"0":{"name":"(anonymous_4)","decl":{"start":{"line":16,"column":2},"end":{"line":16,"column":31}},"loc":{"start":{"line":16,"column":65},"end":{"line":16,"column":69}}},"1":{"name":"(anonymous_5)","decl":{"start":{"line":19,"column":2},"end":{"line":19,"column":7}},"loc":{"start":{"line":22,"column":42},"end":{"line":30,"column":3}}},"2":{"name":"(anonymous_6)","decl":{"start":{"line":33,"column":2},"end":{"line":33,"column":7}},"loc":{"start":{"line":33,"column":76},"end":{"line":37,"column":3}}},"3":{"name":"(anonymous_7)","decl":{"start":{"line":40,"column":2},"end":{"line":40,"column":7}},"loc":{"start":{"line":44,"column":42},"end":{"line":53,"column":3}}},"4":{"name":"(anonymous_8)","decl":{"start":{"line":56,"column":2},"end":{"line":56,"column":7}},"loc":{"start":{"line":58,"column":37},"end":{"line":65,"column":3}}}},"branchMap":{},"s":{"0":1,"1":1,"2":1,"3":1,"4":1,"5":1,"6":0,"7":0,"8":0,"9":0,"10":0,"11":0,"12":0,"13":0,"14":1,"15":1,"16":1,"17":1,"18":1,"19":1},"f":{"0":1,"1":0,"2":0,"3":0,"4":0},"b":{}}
,"/home/harri/store-backend-Nest.js-Typeorm/src/controllers/people.controller.ts": {"path":"/home/harri/store-backend-Nest.js-Typeorm/src/controllers/people.controller.ts","statementMap":{"0":{"start":{"line":1,"column":0},"end":{"line":1,"column":null}},"1":{"start":{"line":12,"column":0},"end":{"line":12,"column":59}},"2":{"start":{"line":13,"column":0},"end":{"line":13,"column":59}},"3":{"start":{"line":14,"column":0},"end":{"line":14,"column":59}},"4":{"start":{"line":15,"column":0},"end":{"line":15,"column":61}},"5":{"start":{"line":16,"column":0},"end":{"line":16,"column":60}},"6":{"start":{"line":17,"column":0},"end":{"line":17,"column":65}},"7":{"start":{"line":20,"column":7},"end":{"line":184,"column":null}},"8":{"start":{"line":21,"column":31},"end":{"line":21,"column":46}},"9":{"start":{"line":25,"column":4},"end":{"line":30,"column":5}},"10":{"start":{"line":26,"column":21},"end":{"line":26,"column":69}},"11":{"start":{"line":27,"column":6},"end":{"line":27,"column":52}},"12":{"start":{"line":29,"column":6},"end":{"line":29,"column":37}},"13":{"start":{"line":35,"column":19},"end":{"line":35,"column":53}},"14":{"start":{"line":36,"column":4},"end":{"line":36,"column":50}},"15":{"start":{"line":41,"column":4},"end":{"line":46,"column":5}},"16":{"start":{"line":42,"column":21},"end":{"line":42,"column":58}},"17":{"start":{"line":43,"column":6},"end":{"line":43,"column":52}},"18":{"start":{"line":45,"column":6},"end":{"line":45,"column":37}},"19":{"start":{"line":54,"column":4},"end":{"line":59,"column":5}},"20":{"start":{"line":55,"column":21},"end":{"line":55,"column":74}},"21":{"start":{"line":56,"column":6},"end":{"line":56,"column":52}},"22":{"start":{"line":58,"column":6},"end":{"line":58,"column":37}},"23":{"start":{"line":64,"column":4},"end":{"line":69,"column":5}},"24":{"start":{"line":65,"column":22},"end":{"line":65,"column":58}},"25":{"start":{"line":66,"column":6},"end":{"line":66,"column":53}},"26":{"start":{"line":68,"column":6},"end":{"line":68,"column":37}},"27":{"start":{"line":73,"column":18},"end":{"line":76,"column":6}},"28":{"start":{"line":77,"column":4},"end":{"line":86,"column":6}},"29":{"start":{"line":94,"column":4},"end":{"line":102,"column":5}},"30":{"start":{"line":95,"column":22},"end":{"line":97,"column":null}},"31":{"start":{"line":99,"column":6},"end":{"line":99,"column":53}},"32":{"start":{"line":101,"column":6},"end":{"line":101,"column":37}},"33":{"start":{"line":111,"column":20},"end":{"line":114,"column":null}},"34":{"start":{"line":116,"column":4},"end":{"line":116,"column":51}},"35":{"start":{"line":121,"column":19},"end":{"line":121,"column":61}},"36":{"start":{"line":122,"column":4},"end":{"line":122,"column":50}},"37":{"start":{"line":127,"column":20},"end":{"line":127,"column":61}},"38":{"start":{"line":128,"column":4},"end":{"line":128,"column":51}},"39":{"start":{"line":136,"column":19},"end":{"line":136,"column":74}},"40":{"start":{"line":137,"column":4},"end":{"line":137,"column":50}},"41":{"start":{"line":146,"column":22},"end":{"line":148,"column":null}},"42":{"start":{"line":150,"column":4},"end":{"line":150,"column":53}},"43":{"start":{"line":155,"column":22},"end":{"line":155,"column":65}},"44":{"start":{"line":156,"column":4},"end":{"line":156,"column":53}},"45":{"start":{"line":164,"column":22},"end":{"line":166,"column":null}},"46":{"start":{"line":168,"column":4},"end":{"line":168,"column":53}},"47":{"start":{"line":177,"column":22},"end":{"line":180,"column":null}},"48":{"start":{"line":182,"column":4},"end":{"line":182,"column":53}},"49":{"start":{"line":20,"column":13},"end":{"line":20,"column":29}},"50":{"start":{"line":24,"column":8},"end":{"line":31,"column":null}},"51":{"start":{"line":34,"column":8},"end":{"line":37,"column":null}},"52":{"start":{"line":40,"column":8},"end":{"line":47,"column":null}},"53":{"start":{"line":50,"column":8},"end":{"line":60,"column":null}},"54":{"start":{"line":63,"column":8},"end":{"line":70,"column":null}},"55":{"start":{"line":90,"column":8},"end":{"line":103,"column":null}},"56":{"start":{"line":106,"column":8},"end":{"line":117,"column":null}},"57":{"start":{"line":120,"column":8},"end":{"line":123,"column":null}},"58":{"start":{"line":126,"column":8},"end":{"line":129,"column":null}},"59":{"start":{"line":132,"column":8},"end":{"line":138,"column":null}},"60":{"start":{"line":141,"column":8},"end":{"line":151,"column":null}},"61":{"start":{"line":154,"column":8},"end":{"line":157,"column":null}},"62":{"start":{"line":160,"column":8},"end":{"line":169,"column":null}},"63":{"start":{"line":172,"column":8},"end":{"line":183,"column":null}},"64":{"start":{"line":20,"column":13},"end":{"line":184,"column":null}}},"fnMap":{"0":{"name":"(anonymous_4)","decl":{"start":{"line":21,"column":2},"end":{"line":21,"column":31}},"loc":{"start":{"line":21,"column":59},"end":{"line":21,"column":63}}},"1":{"name":"(anonymous_5)","decl":{"start":{"line":24,"column":2},"end":{"line":24,"column":7}},"loc":{"start":{"line":24,"column":55},"end":{"line":31,"column":3}}},"2":{"name":"(anonymous_6)","decl":{"start":{"line":34,"column":2},"end":{"line":34,"column":7}},"loc":{"start":{"line":34,"column":15},"end":{"line":37,"column":3}}},"3":{"name":"(anonymous_7)","decl":{"start":{"line":40,"column":2},"end":{"line":40,"column":7}},"loc":{"start":{"line":40,"column":39},"end":{"line":47,"column":3}}},"4":{"name":"(anonymous_8)","decl":{"start":{"line":50,"column":2},"end":{"line":50,"column":7}},"loc":{"start":{"line":52,"column":44},"end":{"line":60,"column":3}}},"5":{"name":"(anonymous_9)","decl":{"start":{"line":63,"column":2},"end":{"line":63,"column":7}},"loc":{"start":{"line":63,"column":38},"end":{"line":70,"column":3}}},"6":{"name":"(anonymous_10)","decl":{"start":{"line":72,"column":2},"end":{"line":72,"column":20}},"loc":{"start":{"line":72,"column":26},"end":{"line":87,"column":3}}},"7":{"name":"(anonymous_11)","decl":{"start":{"line":90,"column":2},"end":{"line":90,"column":7}},"loc":{"start":{"line":92,"column":46},"end":{"line":103,"column":3}}},"8":{"name":"(anonymous_12)","decl":{"start":{"line":106,"column":2},"end":{"line":106,"column":7}},"loc":{"start":{"line":109,"column":46},"end":{"line":117,"column":3}}},"9":{"name":"(anonymous_13)","decl":{"start":{"line":120,"column":2},"end":{"line":120,"column":7}},"loc":{"start":{"line":120,"column":44},"end":{"line":123,"column":3}}},"10":{"name":"(anonymous_14)","decl":{"start":{"line":126,"column":2},"end":{"line":126,"column":7}},"loc":{"start":{"line":126,"column":22},"end":{"line":129,"column":3}}},"11":{"name":"(anonymous_15)","decl":{"start":{"line":132,"column":2},"end":{"line":132,"column":7}},"loc":{"start":{"line":134,"column":39},"end":{"line":138,"column":3}}},"12":{"name":"(anonymous_16)","decl":{"start":{"line":141,"column":2},"end":{"line":141,"column":7}},"loc":{"start":{"line":144,"column":42},"end":{"line":151,"column":3}}},"13":{"name":"(anonymous_17)","decl":{"start":{"line":154,"column":2},"end":{"line":154,"column":7}},"loc":{"start":{"line":154,"column":24},"end":{"line":157,"column":3}}},"14":{"name":"(anonymous_18)","decl":{"start":{"line":160,"column":2},"end":{"line":160,"column":7}},"loc":{"start":{"line":162,"column":45},"end":{"line":169,"column":3}}},"15":{"name":"(anonymous_19)","decl":{"start":{"line":172,"column":2},"end":{"line":172,"column":7}},"loc":{"start":{"line":175,"column":50},"end":{"line":183,"column":3}}}},"branchMap":{},"s":{"0":1,"1":1,"2":1,"3":1,"4":1,"5":1,"6":1,"7":1,"8":1,"9":4,"10":4,"11":3,"12":1,"13":1,"14":1,"15":2,"16":2,"17":1,"18":1,"19":2,"20":2,"21":1,"22":1,"23":2,"24":2,"25":1,"26":1,"27":5,"28":5,"29":1,"30":1,"31":0,"32":1,"33":0,"34":0,"35":0,"36":0,"37":0,"38":0,"39":0,"40":0,"41":0,"42":0,"43":0,"44":0,"45":0,"46":0,"47":0,"48":0,"49":1,"50":1,"51":1,"52":1,"53":1,"54":1,"55":1,"56":1,"57":1,"58":1,"59":1,"60":1,"61":1,"62":1,"63":1,"64":1},"f":{"0":1,"1":4,"2":1,"3":2,"4":2,"5":2,"6":5,"7":1,"8":0,"9":0,"10":0,"11":0,"12":0,"13":0,"14":0,"15":0},"b":{}}
,"/home/harri/store-backend-Nest.js-Typeorm/src/controllers/purchase.controller.ts": {"path":"/home/harri/store-backend-Nest.js-Typeorm/src/controllers/purchase.controller.ts","statementMap":{"0":{"start":{"line":1,"column":0},"end":{"line":1,"column":null}},"1":{"start":{"line":10,"column":0},"end":{"line":10,"column":63}},"2":{"start":{"line":11,"column":0},"end":{"line":11,"column":60}},"3":{"start":{"line":12,"column":0},"end":{"line":12,"column":55}},"4":{"start":{"line":15,"column":7},"end":{"line":47,"column":null}},"5":{"start":{"line":16,"column":31},"end":{"line":16,"column":48}},"6":{"start":{"line":23,"column":17},"end":{"line":23,"column":77}},"7":{"start":{"line":24,"column":4},"end":{"line":24,"column":48}},"8":{"start":{"line":29,"column":17},"end":{"line":29,"column":65}},"9":{"start":{"line":30,"column":4},"end":{"line":30,"column":48}},"10":{"start":{"line":38,"column":17},"end":{"line":38,"column":78}},"11":{"start":{"line":39,"column":4},"end":{"line":39,"column":48}},"12":{"start":{"line":44,"column":20},"end":{"line":44,"column":66}},"13":{"start":{"line":45,"column":4},"end":{"line":45,"column":51}},"14":{"start":{"line":15,"column":13},"end":{"line":15,"column":31}},"15":{"start":{"line":19,"column":8},"end":{"line":25,"column":null}},"16":{"start":{"line":28,"column":8},"end":{"line":31,"column":null}},"17":{"start":{"line":34,"column":8},"end":{"line":40,"column":null}},"18":{"start":{"line":43,"column":8},"end":{"line":46,"column":null}},"19":{"start":{"line":15,"column":13},"end":{"line":47,"column":null}}},"fnMap":{"0":{"name":"(anonymous_4)","decl":{"start":{"line":16,"column":2},"end":{"line":16,"column":31}},"loc":{"start":{"line":16,"column":63},"end":{"line":16,"column":67}}},"1":{"name":"(anonymous_5)","decl":{"start":{"line":19,"column":2},"end":{"line":19,"column":7}},"loc":{"start":{"line":21,"column":37},"end":{"line":25,"column":3}}},"2":{"name":"(anonymous_6)","decl":{"start":{"line":28,"column":2},"end":{"line":28,"column":7}},"loc":{"start":{"line":28,"column":52},"end":{"line":31,"column":3}}},"3":{"name":"(anonymous_7)","decl":{"start":{"line":34,"column":2},"end":{"line":34,"column":7}},"loc":{"start":{"line":36,"column":40},"end":{"line":40,"column":3}}},"4":{"name":"(anonymous_8)","decl":{"start":{"line":43,"column":2},"end":{"line":43,"column":7}},"loc":{"start":{"line":43,"column":50},"end":{"line":46,"column":3}}}},"branchMap":{},"s":{"0":1,"1":1,"2":1,"3":1,"4":1,"5":1,"6":0,"7":0,"8":0,"9":0,"10":0,"11":0,"12":0,"13":0,"14":1,"15":1,"16":1,"17":1,"18":1,"19":1},"f":{"0":1,"1":0,"2":0,"3":0,"4":0},"b":{}}
,"/home/harri/store-backend-Nest.js-Typeorm/src/database/database.module.ts": {"path":"/home/harri/store-backend-Nest.js-Typeorm/src/database/database.module.ts","statementMap":{"0":{"start":{"line":1,"column":0},"end":{"line":1,"column":40}},"1":{"start":{"line":2,"column":0},"end":{"line":2,"column":47}},"2":{"start":{"line":3,"column":0},"end":{"line":3,"column":48}},"3":{"start":{"line":22,"column":7},"end":{"line":22,"column":null}},"4":{"start":{"line":22,"column":13},"end":{"line":22,"column":27}},"5":{"start":{"line":22,"column":13},"end":{"line":22,"column":null}},"6":{"start":{"line":8,"column":53},"end":{"line":17,"column":8}}},"fnMap":{"0":{"name":"(anonymous_1)","decl":{"start":{"line":8,"column":18},"end":{"line":8,"column":19}},"loc":{"start":{"line":8,"column":53},"end":{"line":17,"column":8}}}},"branchMap":{},"s":{"0":1,"1":1,"2":1,"3":1,"4":1,"5":1,"6":1},"f":{"0":1},"b":{}}
,"/home/harri/store-backend-Nest.js-Typeorm/src/dto/create-address.dto.ts": {"path":"/home/harri/store-backend-Nest.js-Typeorm/src/dto/create-address.dto.ts","statementMap":{"0":{"start":{"line":1,"column":0},"end":{"line":1,"column":13}}},"fnMap":{},"branchMap":{},"s":{"0":1},"f":{},"b":{}}
,"/home/harri/store-backend-Nest.js-Typeorm/src/dto/create-craftsman.dto.ts": {"path":"/home/harri/store-backend-Nest.js-Typeorm/src/dto/create-craftsman.dto.ts","statementMap":{"0":{"start":{"line":1,"column":0},"end":{"line":1,"column":13}}},"fnMap":{},"branchMap":{},"s":{"0":1},"f":{},"b":{}}
,"/home/harri/store-backend-Nest.js-Typeorm/src/dto/create-offer.dto.ts": {"path":"/home/harri/store-backend-Nest.js-Typeorm/src/dto/create-offer.dto.ts","statementMap":{"0":{"start":{"line":1,"column":0},"end":{"line":1,"column":13}}},"fnMap":{},"branchMap":{},"s":{"0":1},"f":{},"b":{}}
,"/home/harri/store-backend-Nest.js-Typeorm/src/dto/create-person.dto.ts": {"path":"/home/harri/store-backend-Nest.js-Typeorm/src/dto/create-person.dto.ts","statementMap":{"0":{"start":{"line":1,"column":0},"end":{"line":1,"column":13}}},"fnMap":{},"branchMap":{},"s":{"0":1},"f":{},"b":{}}
,"/home/harri/store-backend-Nest.js-Typeorm/src/dto/create-purchase.dto.ts": {"path":"/home/harri/store-backend-Nest.js-Typeorm/src/dto/create-purchase.dto.ts","statementMap":{"0":{"start":{"line":1,"column":0},"end":{"line":1,"column":13}}},"fnMap":{},"branchMap":{},"s":{"0":1},"f":{},"b":{}}
,"/home/harri/store-backend-Nest.js-Typeorm/src/dto/update-deal.dto.ts": {"path":"/home/harri/store-backend-Nest.js-Typeorm/src/dto/update-deal.dto.ts","statementMap":{"0":{"start":{"line":1,"column":0},"end":{"line":1,"column":13}}},"fnMap":{},"branchMap":{},"s":{"0":1},"f":{},"b":{}}
,"/home/harri/store-backend-Nest.js-Typeorm/src/dto/update-person.dto.ts": {"path":"/home/harri/store-backend-Nest.js-Typeorm/src/dto/update-person.dto.ts","statementMap":{"0":{"start":{"line":1,"column":0},"end":{"line":1,"column":51}},"1":{"start":{"line":2,"column":0},"end":{"line":2,"column":54}},"2":{"start":{"line":4,"column":0},"end":{"line":4,"column":13}}},"fnMap":{},"branchMap":{},"s":{"0":1,"1":1,"2":1},"f":{},"b":{}}
,"/home/harri/store-backend-Nest.js-Typeorm/src/entities/abstract.entity.ts": {"path":"/home/harri/store-backend-Nest.js-Typeorm/src/entities/abstract.entity.ts","statementMap":{"0":{"start":{"line":1,"column":0},"end":{"line":1,"column":57}},"1":{"start":{"line":4,"column":7},"end":{"line":11,"column":null}},"2":{"start":{"line":9,"column":4},"end":{"line":9,"column":32}},"3":{"start":{"line":4,"column":13},"end":{"line":4,"column":27}},"4":{"start":{"line":6,"column":2},"end":{"line":6,"column":null}},"5":{"start":{"line":4,"column":13},"end":{"line":11,"column":null}}},"fnMap":{"0":{"name":"(anonymous_2)","decl":{"start":{"line":8,"column":2},"end":{"line":8,"column":14}},"loc":{"start":{"line":8,"column":32},"end":{"line":10,"column":3}}}},"branchMap":{},"s":{"0":1,"1":1,"2":38,"3":1,"4":1,"5":1},"f":{"0":38},"b":{}}
,"/home/harri/store-backend-Nest.js-Typeorm/src/entities/address.entity.ts": {"path":"/home/harri/store-backend-Nest.js-Typeorm/src/entities/address.entity.ts","statementMap":{"0":{"start":{"line":1,"column":0},"end":{"line":1,"column":51}},"1":{"start":{"line":2,"column":0},"end":{"line":2,"column":41}},"2":{"start":{"line":5,"column":7},"end":{"line":18,"column":null}},"3":{"start":{"line":5,"column":13},"end":{"line":5,"column":20}},"4":{"start":{"line":7,"column":2},"end":{"line":7,"column":null}},"5":{"start":{"line":9,"column":2},"end":{"line":9,"column":null}},"6":{"start":{"line":11,"column":2},"end":{"line":11,"column":null}},"7":{"start":{"line":13,"column":2},"end":{"line":13,"column":null}},"8":{"start":{"line":15,"column":2},"end":{"line":15,"column":null}},"9":{"start":{"line":17,"column":2},"end":{"line":17,"column":null}},"10":{"start":{"line":5,"column":13},"end":{"line":18,"column":null}}},"fnMap":{},"branchMap":{},"s":{"0":1,"1":1,"2":1,"3":1,"4":1,"5":1,"6":1,"7":1,"8":1,"9":1,"10":1},"f":{},"b":{}}
,"/home/harri/store-backend-Nest.js-Typeorm/src/entities/chat.entity.ts": {"path":"/home/harri/store-backend-Nest.js-Typeorm/src/entities/chat.entity.ts","statementMap":{"0":{"start":{"line":1,"column":0},"end":{"line":1,"column":51}},"1":{"start":{"line":2,"column":0},"end":{"line":2,"column":37}},"2":{"start":{"line":3,"column":0},"end":{"line":3,"column":55}},"3":{"start":{"line":6,"column":7},"end":{"line":10,"column":null}},"4":{"start":{"line":6,"column":13},"end":{"line":6,"column":17}},"5":{"start":{"line":9,"column":2},"end":{"line":9,"column":null}},"6":{"start":{"line":7,"column":18},"end":{"line":7,"column":22}},"7":{"start":{"line":6,"column":13},"end":{"line":10,"column":null}}},"fnMap":{"0":{"name":"(anonymous_2)","decl":{"start":{"line":7,"column":12},"end":{"line":7,"column":15}},"loc":{"start":{"line":7,"column":18},"end":{"line":7,"column":22}}}},"branchMap":{},"s":{"0":1,"1":1,"2":1,"3":1,"4":1,"5":1,"6":3,"7":1},"f":{"0":3},"b":{}}
,"/home/harri/store-backend-Nest.js-Typeorm/src/entities/client.entity.ts": {"path":"/home/harri/store-backend-Nest.js-Typeorm/src/entities/client.entity.ts","statementMap":{"0":{"start":{"line":1,"column":0},"end":{"line":1,"column":51}},"1":{"start":{"line":2,"column":0},"end":{"line":2,"column":66}},"2":{"start":{"line":3,"column":0},"end":{"line":3,"column":41}},"3":{"start":{"line":4,"column":0},"end":{"line":4,"column":45}},"4":{"start":{"line":7,"column":7},"end":{"line":14,"column":null}},"5":{"start":{"line":7,"column":13},"end":{"line":7,"column":19}},"6":{"start":{"line":10,"column":2},"end":{"line":10,"column":null}},"7":{"start":{"line":8,"column":18},"end":{"line":8,"column":24}},"8":{"start":{"line":13,"column":2},"end":{"line":13,"column":null}},"9":{"start":{"line":12,"column":19},"end":{"line":12,"column":27}},"10":{"start":{"line":12,"column":43},"end":{"line":12,"column":58}},"11":{"start":{"line":7,"column":13},"end":{"line":14,"column":null}}},"fnMap":{"0":{"name":"(anonymous_2)","decl":{"start":{"line":8,"column":12},"end":{"line":8,"column":15}},"loc":{"start":{"line":8,"column":18},"end":{"line":8,"column":24}}},"1":{"name":"(anonymous_3)","decl":{"start":{"line":12,"column":13},"end":{"line":12,"column":16}},"loc":{"start":{"line":12,"column":19},"end":{"line":12,"column":27}}},"2":{"name":"(anonymous_4)","decl":{"start":{"line":12,"column":29},"end":{"line":12,"column":30}},"loc":{"start":{"line":12,"column":43},"end":{"line":12,"column":58}}}},"branchMap":{},"s":{"0":1,"1":1,"2":1,"3":1,"4":1,"5":1,"6":1,"7":3,"8":1,"9":3,"10":3,"11":1},"f":{"0":3,"1":3,"2":3},"b":{}}
,"/home/harri/store-backend-Nest.js-Typeorm/src/entities/craftsman.entity.ts": {"path":"/home/harri/store-backend-Nest.js-Typeorm/src/entities/craftsman.entity.ts","statementMap":{"0":{"start":{"line":1,"column":0},"end":{"line":1,"column":51}},"1":{"start":{"line":2,"column":0},"end":{"line":2,"column":74}},"2":{"start":{"line":3,"column":0},"end":{"line":3,"column":41}},"3":{"start":{"line":4,"column":0},"end":{"line":4,"column":39}},"4":{"start":{"line":7,"column":7},"end":{"line":17,"column":null}},"5":{"start":{"line":7,"column":13},"end":{"line":7,"column":22}},"6":{"start":{"line":9,"column":2},"end":{"line":9,"column":null}},"7":{"start":{"line":13,"column":2},"end":{"line":13,"column":null}},"8":{"start":{"line":11,"column":18},"end":{"line":11,"column":24}},"9":{"start":{"line":16,"column":2},"end":{"line":16,"column":null}},"10":{"start":{"line":15,"column":19},"end":{"line":15,"column":24}},"11":{"start":{"line":15,"column":37},"end":{"line":15,"column":52}},"12":{"start":{"line":7,"column":13},"end":{"line":17,"column":null}}},"fnMap":{"0":{"name":"(anonymous_2)","decl":{"start":{"line":11,"column":12},"end":{"line":11,"column":15}},"loc":{"start":{"line":11,"column":18},"end":{"line":11,"column":24}}},"1":{"name":"(anonymous_3)","decl":{"start":{"line":15,"column":13},"end":{"line":15,"column":16}},"loc":{"start":{"line":15,"column":19},"end":{"line":15,"column":24}}},"2":{"name":"(anonymous_4)","decl":{"start":{"line":15,"column":26},"end":{"line":15,"column":27}},"loc":{"start":{"line":15,"column":37},"end":{"line":15,"column":52}}}},"branchMap":{},"s":{"0":1,"1":1,"2":1,"3":1,"4":1,"5":1,"6":1,"7":1,"8":3,"9":1,"10":3,"11":3,"12":1},"f":{"0":3,"1":3,"2":3},"b":{}}
,"/home/harri/store-backend-Nest.js-Typeorm/src/entities/deal.entity.ts": {"path":"/home/harri/store-backend-Nest.js-Typeorm/src/entities/deal.entity.ts","statementMap":{"0":{"start":{"line":1,"column":0},"end":{"line":1,"column":51}},"1":{"start":{"line":2,"column":0},"end":{"line":2,"column":39}},"2":{"start":{"line":3,"column":0},"end":{"line":3,"column":63}},"3":{"start":{"line":4,"column":0},"end":{"line":4,"column":45}},"4":{"start":{"line":5,"column":0},"end":{"line":5,"column":37}},"5":{"start":{"line":8,"column":7},"end":{"line":23,"column":null}},"6":{"start":{"line":8,"column":13},"end":{"line":8,"column":17}},"7":{"start":{"line":11,"column":2},"end":{"line":11,"column":null}},"8":{"start":{"line":9,"column":18},"end":{"line":9,"column":23}},"9":{"start":{"line":14,"column":2},"end":{"line":14,"column":null}},"10":{"start":{"line":12,"column":18},"end":{"line":12,"column":26}},"11":{"start":{"line":16,"column":2},"end":{"line":16,"column":null}},"12":{"start":{"line":18,"column":2},"end":{"line":18,"column":null}},"13":{"start":{"line":20,"column":2},"end":{"line":20,"column":null}},"14":{"start":{"line":22,"column":2},"end":{"line":22,"column":null}},"15":{"start":{"line":21,"column":18},"end":{"line":21,"column":22}},"16":{"start":{"line":21,"column":34},"end":{"line":21,"column":43}},"17":{"start":{"line":8,"column":13},"end":{"line":23,"column":null}}},"fnMap":{"0":{"name":"(anonymous_2)","decl":{"start":{"line":9,"column":12},"end":{"line":9,"column":15}},"loc":{"start":{"line":9,"column":18},"end":{"line":9,"column":23}}},"1":{"name":"(anonymous_3)","decl":{"start":{"line":12,"column":12},"end":{"line":12,"column":15}},"loc":{"start":{"line":12,"column":18},"end":{"line":12,"column":26}}},"2":{"name":"(anonymous_4)","decl":{"start":{"line":21,"column":12},"end":{"line":21,"column":15}},"loc":{"start":{"line":21,"column":18},"end":{"line":21,"column":22}}},"3":{"name":"(anonymous_5)","decl":{"start":{"line":21,"column":24},"end":{"line":21,"column":25}},"loc":{"start":{"line":21,"column":34},"end":{"line":21,"column":43}}}},"branchMap":{},"s":{"0":1,"1":1,"2":1,"3":1,"4":1,"5":1,"6":1,"7":1,"8":3,"9":1,"10":3,"11":1,"12":1,"13":1,"14":1,"15":3,"16":3,"17":1},"f":{"0":3,"1":3,"2":3,"3":3},"b":{}}
,"/home/harri/store-backend-Nest.js-Typeorm/src/entities/offer.entity.ts": {"path":"/home/harri/store-backend-Nest.js-Typeorm/src/entities/offer.entity.ts","statementMap":{"0":{"start":{"line":1,"column":0},"end":{"line":1,"column":51}},"1":{"start":{"line":2,"column":0},"end":{"line":2,"column":75}},"2":{"start":{"line":3,"column":0},"end":{"line":3,"column":74}},"3":{"start":{"line":4,"column":0},"end":{"line":4,"column":47}},"4":{"start":{"line":5,"column":0},"end":{"line":5,"column":45}},"5":{"start":{"line":6,"column":0},"end":{"line":6,"column":37}},"6":{"start":{"line":9,"column":7},"end":{"line":31,"column":null}},"7":{"start":{"line":9,"column":13},"end":{"line":9,"column":18}},"8":{"start":{"line":16,"column":2},"end":{"line":16,"column":null}},"9":{"start":{"line":19,"column":2},"end":{"line":19,"column":null}},"10":{"start":{"line":23,"column":2},"end":{"line":23,"column":null}},"11":{"start":{"line":21,"column":19},"end":{"line":21,"column":28}},"12":{"start":{"line":21,"column":45},"end":{"line":21,"column":61}},"13":{"start":{"line":27,"column":2},"end":{"line":27,"column":null}},"14":{"start":{"line":25,"column":19},"end":{"line":25,"column":27}},"15":{"start":{"line":25,"column":43},"end":{"line":25,"column":58}},"16":{"start":{"line":30,"column":2},"end":{"line":30,"column":null}},"17":{"start":{"line":29,"column":18},"end":{"line":29,"column":22}},"18":{"start":{"line":29,"column":34},"end":{"line":29,"column":44}},"19":{"start":{"line":9,"column":13},"end":{"line":31,"column":null}}},"fnMap":{"0":{"name":"(anonymous_2)","decl":{"start":{"line":21,"column":13},"end":{"line":21,"column":16}},"loc":{"start":{"line":21,"column":19},"end":{"line":21,"column":28}}},"1":{"name":"(anonymous_3)","decl":{"start":{"line":21,"column":30},"end":{"line":21,"column":31}},"loc":{"start":{"line":21,"column":45},"end":{"line":21,"column":61}}},"2":{"name":"(anonymous_4)","decl":{"start":{"line":25,"column":13},"end":{"line":25,"column":16}},"loc":{"start":{"line":25,"column":19},"end":{"line":25,"column":27}}},"3":{"name":"(anonymous_5)","decl":{"start":{"line":25,"column":29},"end":{"line":25,"column":30}},"loc":{"start":{"line":25,"column":43},"end":{"line":25,"column":58}}},"4":{"name":"(anonymous_6)","decl":{"start":{"line":29,"column":12},"end":{"line":29,"column":15}},"loc":{"start":{"line":29,"column":18},"end":{"line":29,"column":22}}},"5":{"name":"(anonymous_7)","decl":{"start":{"line":29,"column":24},"end":{"line":29,"column":25}},"loc":{"start":{"line":29,"column":34},"end":{"line":29,"column":44}}}},"branchMap":{},"s":{"0":1,"1":1,"2":1,"3":1,"4":1,"5":1,"6":1,"7":1,"8":1,"9":1,"10":1,"11":3,"12":3,"13":1,"14":3,"15":3,"16":1,"17":3,"18":3,"19":1},"f":{"0":3,"1":3,"2":3,"3":3,"4":3,"5":3},"b":{}}
,"/home/harri/store-backend-Nest.js-Typeorm/src/entities/person.entity.ts": {"path":"/home/harri/store-backend-Nest.js-Typeorm/src/entities/person.entity.ts","statementMap":{"0":{"start":{"line":1,"column":0},"end":{"line":1,"column":51}},"1":{"start":{"line":2,"column":0},"end":{"line":2,"column":43}},"2":{"start":{"line":3,"column":0},"end":{"line":3,"column":63}},"3":{"start":{"line":4,"column":0},"end":{"line":4,"column":41}},"4":{"start":{"line":7,"column":7},"end":{"line":32,"column":null}},"5":{"start":{"line":7,"column":13},"end":{"line":7,"column":19}},"6":{"start":{"line":9,"column":2},"end":{"line":9,"column":null}},"7":{"start":{"line":12,"column":2},"end":{"line":12,"column":null}},"8":{"start":{"line":15,"column":2},"end":{"line":15,"column":null}},"9":{"start":{"line":18,"column":2},"end":{"line":18,"column":null}},"10":{"start":{"line":21,"column":2},"end":{"line":21,"column":null}},"11":{"start":{"line":24,"column":2},"end":{"line":24,"column":null}},"12":{"start":{"line":28,"column":2},"end":{"line":28,"column":null}},"13":{"start":{"line":26,"column":18},"end":{"line":26,"column":25}},"14":{"start":{"line":31,"column":2},"end":{"line":31,"column":null}},"15":{"start":{"line":30,"column":18},"end":{"line":30,"column":24}},"16":{"start":{"line":30,"column":38},"end":{"line":30,"column":51}},"17":{"start":{"line":7,"column":13},"end":{"line":32,"column":null}}},"fnMap":{"0":{"name":"(anonymous_2)","decl":{"start":{"line":26,"column":12},"end":{"line":26,"column":15}},"loc":{"start":{"line":26,"column":18},"end":{"line":26,"column":25}}},"1":{"name":"(anonymous_3)","decl":{"start":{"line":30,"column":12},"end":{"line":30,"column":15}},"loc":{"start":{"line":30,"column":18},"end":{"line":30,"column":24}}},"2":{"name":"(anonymous_4)","decl":{"start":{"line":30,"column":26},"end":{"line":30,"column":27}},"loc":{"start":{"line":30,"column":38},"end":{"line":30,"column":51}}}},"branchMap":{},"s":{"0":1,"1":1,"2":1,"3":1,"4":1,"5":1,"6":1,"7":1,"8":1,"9":1,"10":1,"11":1,"12":1,"13":3,"14":1,"15":3,"16":3,"17":1},"f":{"0":3,"1":3,"2":3},"b":{}}
,"/home/harri/store-backend-Nest.js-Typeorm/src/entities/purchase.entity.ts": {"path":"/home/harri/store-backend-Nest.js-Typeorm/src/entities/purchase.entity.ts","statementMap":{"0":{"start":{"line":1,"column":0},"end":{"line":1,"column":51}},"1":{"start":{"line":2,"column":0},"end":{"line":2,"column":null}},"2":{"start":{"line":10,"column":0},"end":{"line":10,"column":41}},"3":{"start":{"line":11,"column":0},"end":{"line":11,"column":75}},"4":{"start":{"line":12,"column":0},"end":{"line":12,"column":39}},"5":{"start":{"line":13,"column":0},"end":{"line":13,"column":37}},"6":{"start":{"line":16,"column":7},"end":{"line":48,"column":null}},"7":{"start":{"line":16,"column":13},"end":{"line":16,"column":21}},"8":{"start":{"line":18,"column":2},"end":{"line":18,"column":null}},"9":{"start":{"line":20,"column":2},"end":{"line":20,"column":null}},"10":{"start":{"line":27,"column":2},"end":{"line":27,"column":null}},"11":{"start":{"line":34,"column":2},"end":{"line":34,"column":null}},"12":{"start":{"line":36,"column":2},"end":{"line":36,"column":null}},"13":{"start":{"line":38,"column":2},"end":{"line":38,"column":null}},"14":{"start":{"line":41,"column":2},"end":{"line":41,"column":null}},"15":{"start":{"line":39,"column":19},"end":{"line":39,"column":25}},"16":{"start":{"line":39,"column":39},"end":{"line":39,"column":55}},"17":{"start":{"line":44,"column":2},"end":{"line":44,"column":null}},"18":{"start":{"line":43,"column":19},"end":{"line":43,"column":24}},"19":{"start":{"line":43,"column":37},"end":{"line":43,"column":51}},"20":{"start":{"line":47,"column":2},"end":{"line":47,"column":null}},"21":{"start":{"line":46,"column":18},"end":{"line":46,"column":22}},"22":{"start":{"line":46,"column":34},"end":{"line":46,"column":47}},"23":{"start":{"line":16,"column":13},"end":{"line":48,"column":null}}},"fnMap":{"0":{"name":"(anonymous_2)","decl":{"start":{"line":39,"column":13},"end":{"line":39,"column":16}},"loc":{"start":{"line":39,"column":19},"end":{"line":39,"column":25}}},"1":{"name":"(anonymous_3)","decl":{"start":{"line":39,"column":27},"end":{"line":39,"column":28}},"loc":{"start":{"line":39,"column":39},"end":{"line":39,"column":55}}},"2":{"name":"(anonymous_4)","decl":{"start":{"line":43,"column":13},"end":{"line":43,"column":16}},"loc":{"start":{"line":43,"column":19},"end":{"line":43,"column":24}}},"3":{"name":"(anonymous_5)","decl":{"start":{"line":43,"column":26},"end":{"line":43,"column":27}},"loc":{"start":{"line":43,"column":37},"end":{"line":43,"column":51}}},"4":{"name":"(anonymous_6)","decl":{"start":{"line":46,"column":12},"end":{"line":46,"column":15}},"loc":{"start":{"line":46,"column":18},"end":{"line":46,"column":22}}},"5":{"name":"(anonymous_7)","decl":{"start":{"line":46,"column":24},"end":{"line":46,"column":25}},"loc":{"start":{"line":46,"column":34},"end":{"line":46,"column":47}}}},"branchMap":{},"s":{"0":1,"1":1,"2":1,"3":1,"4":1,"5":1,"6":1,"7":1,"8":1,"9":1,"10":1,"11":1,"12":1,"13":1,"14":1,"15":3,"16":3,"17":1,"18":3,"19":3,"20":1,"21":3,"22":3,"23":1},"f":{"0":3,"1":3,"2":3,"3":3,"4":3,"5":3},"b":{}}
,"/home/harri/store-backend-Nest.js-Typeorm/src/middlewares/middlewares.ts": {"path":"/home/harri/store-backend-Nest.js-Typeorm/src/middlewares/middlewares.ts","statementMap":{"0":{"start":{"line":2,"column":0},"end":{"line":2,"column":null}},"1":{"start":{"line":12,"column":17},"end":{"line":12,"column":25}},"2":{"start":{"line":13,"column":16},"end":{"line":13,"column":38}},"3":{"start":{"line":14,"column":2},"end":{"line":14,"column":57}},"4":{"start":{"line":14,"column":18},"end":{"line":14,"column":57}},"5":{"start":{"line":15,"column":2},"end":{"line":15,"column":9}},"6":{"start":{"line":7,"column":0},"end":{"line":7,"column":16}},"7":{"start":{"line":23,"column":18},"end":{"line":23,"column":26}},"8":{"start":{"line":24,"column":16},"end":{"line":24,"column":40}},"9":{"start":{"line":25,"column":2},"end":{"line":25,"column":57}},"10":{"start":{"line":25,"column":18},"end":{"line":25,"column":57}},"11":{"start":{"line":26,"column":2},"end":{"line":26,"column":9}},"12":{"start":{"line":18,"column":0},"end":{"line":18,"column":16}},"13":{"start":{"line":34,"column":20},"end":{"line":34,"column":28}},"14":{"start":{"line":35,"column":16},"end":{"line":35,"column":42}},"15":{"start":{"line":36,"column":2},"end":{"line":36,"column":57}},"16":{"start":{"line":36,"column":18},"end":{"line":36,"column":57}},"17":{"start":{"line":37,"column":2},"end":{"line":37,"column":9}},"18":{"start":{"line":29,"column":0},"end":{"line":29,"column":16}}},"fnMap":{"0":{"name":"peopleMiddleware","decl":{"start":{"line":7,"column":16},"end":{"line":7,"column":32}},"loc":{"start":{"line":10,"column":20},"end":{"line":16,"column":1}}},"1":{"name":"addressMiddleware","decl":{"start":{"line":18,"column":16},"end":{"line":18,"column":33}},"loc":{"start":{"line":21,"column":20},"end":{"line":27,"column":1}}},"2":{"name":"craftsmanMiddleware","decl":{"start":{"line":29,"column":16},"end":{"line":29,"column":35}},"loc":{"start":{"line":32,"column":20},"end":{"line":38,"column":1}}}},"branchMap":{"0":{"loc":{"start":{"line":14,"column":2},"end":{"line":14,"column":57}},"type":"if","locations":[{"start":{"line":14,"column":2},"end":{"line":14,"column":57}}]},"1":{"loc":{"start":{"line":25,"column":2},"end":{"line":25,"column":57}},"type":"if","locations":[{"start":{"line":25,"column":2},"end":{"line":25,"column":57}}]},"2":{"loc":{"start":{"line":36,"column":2},"end":{"line":36,"column":57}},"type":"if","locations":[{"start":{"line":36,"column":2},"end":{"line":36,"column":57}}]}},"s":{"0":1,"1":6,"2":6,"3":6,"4":0,"5":6,"6":1,"7":2,"8":2,"9":2,"10":1,"11":1,"12":1,"13":0,"14":0,"15":0,"16":0,"17":0,"18":1},"f":{"0":6,"1":2,"2":0},"b":{"0":[0],"1":[1],"2":[0]}}
,"/home/harri/store-backend-Nest.js-Typeorm/src/middlewares/validations/joiSchemas.ts": {"path":"/home/harri/store-backend-Nest.js-Typeorm/src/middlewares/validations/joiSchemas.ts","statementMap":{"0":{"start":{"line":1,"column":0},"end":{"line":1,"column":22}},"1":{"start":{"line":3,"column":13},"end":{"line":10,"column":3}},"2":{"start":{"line":12,"column":13},"end":{"line":19,"column":3}},"3":{"start":{"line":21,"column":13},"end":{"line":23,"column":3}}},"fnMap":{},"branchMap":{},"s":{"0":1,"1":1,"2":1,"3":1},"f":{},"b":{}}
,"/home/harri/store-backend-Nest.js-Typeorm/src/middlewares/validations/validationSchemas.ts": {"path":"/home/harri/store-backend-Nest.js-Typeorm/src/middlewares/validations/validationSchemas.ts","statementMap":{"0":{"start":{"line":2,"column":0},"end":{"line":2,"column":76}},"1":{"start":{"line":7,"column":20},"end":{"line":7,"column":58}},"2":{"start":{"line":8,"column":2},"end":{"line":8,"column":70}},"3":{"start":{"line":8,"column":13},"end":{"line":8,"column":70}},"4":{"start":{"line":9,"column":2},"end":{"line":9,"column":37}},"5":{"start":{"line":6,"column":0},"end":{"line":6,"column":16}},"6":{"start":{"line":13,"column":20},"end":{"line":13,"column":60}},"7":{"start":{"line":14,"column":2},"end":{"line":14,"column":70}},"8":{"start":{"line":14,"column":13},"end":{"line":14,"column":70}},"9":{"start":{"line":15,"column":2},"end":{"line":15,"column":37}},"10":{"start":{"line":12,"column":0},"end":{"line":12,"column":16}},"11":{"start":{"line":19,"column":20},"end":{"line":19,"column":64}},"12":{"start":{"line":20,"column":2},"end":{"line":20,"column":70}},"13":{"start":{"line":20,"column":13},"end":{"line":20,"column":70}},"14":{"start":{"line":21,"column":2},"end":{"line":21,"column":37}},"15":{"start":{"line":18,"column":0},"end":{"line":18,"column":16}}},"fnMap":{"0":{"name":"validatePerson","decl":{"start":{"line":6,"column":16},"end":{"line":6,"column":30}},"loc":{"start":{"line":6,"column":63},"end":{"line":10,"column":1}}},"1":{"name":"validateAddress","decl":{"start":{"line":12,"column":16},"end":{"line":12,"column":31}},"loc":{"start":{"line":12,"column":66},"end":{"line":16,"column":1}}},"2":{"name":"validateCraftsman","decl":{"start":{"line":18,"column":16},"end":{"line":18,"column":33}},"loc":{"start":{"line":18,"column":72},"end":{"line":22,"column":1}}}},"branchMap":{"0":{"loc":{"start":{"line":8,"column":2},"end":{"line":8,"column":70}},"type":"if","locations":[{"start":{"line":8,"column":2},"end":{"line":8,"column":70}}]},"1":{"loc":{"start":{"line":14,"column":2},"end":{"line":14,"column":70}},"type":"if","locations":[{"start":{"line":14,"column":2},"end":{"line":14,"column":70}}]},"2":{"loc":{"start":{"line":20,"column":2},"end":{"line":20,"column":70}},"type":"if","locations":[{"start":{"line":20,"column":2},"end":{"line":20,"column":70}}]}},"s":{"0":1,"1":6,"2":6,"3":0,"4":6,"5":1,"6":2,"7":2,"8":1,"9":1,"10":1,"11":0,"12":0,"13":0,"14":0,"15":1},"f":{"0":6,"1":2,"2":0},"b":{"0":[0],"1":[1],"2":[0]}}
,"/home/harri/store-backend-Nest.js-Typeorm/src/modules/app.module.ts": {"path":"/home/harri/store-backend-Nest.js-Typeorm/src/modules/app.module.ts","statementMap":{"0":{"start":{"line":1,"column":0},"end":{"line":1,"column":null}},"1":{"start":{"line":7,"column":0},"end":{"line":7,"column":62}},"2":{"start":{"line":8,"column":0},"end":{"line":8,"column":53}},"3":{"start":{"line":9,"column":0},"end":{"line":9,"column":61}},"4":{"start":{"line":10,"column":0},"end":{"line":10,"column":46}},"5":{"start":{"line":11,"column":0},"end":{"line":11,"column":47}},"6":{"start":{"line":12,"column":0},"end":{"line":12,"column":48}},"7":{"start":{"line":14,"column":0},"end":{"line":14,"column":53}},"8":{"start":{"line":15,"column":0},"end":{"line":15,"column":51}},"9":{"start":{"line":16,"column":0},"end":{"line":16,"column":57}},"10":{"start":{"line":17,"column":0},"end":{"line":17,"column":55}},"11":{"start":{"line":18,"column":0},"end":{"line":18,"column":68}},"12":{"start":{"line":19,"column":0},"end":{"line":19,"column":59}},"13":{"start":{"line":20,"column":0},"end":{"line":20,"column":49}},"14":{"start":{"line":21,"column":0},"end":{"line":21,"column":74}},"15":{"start":{"line":22,"column":0},"end":{"line":22,"column":65}},"16":{"start":{"line":23,"column":0},"end":{"line":23,"column":47}},"17":{"start":{"line":24,"column":0},"end":{"line":24,"column":63}},"18":{"start":{"line":25,"column":0},"end":{"line":25,"column":72}},"19":{"start":{"line":26,"column":0},"end":{"line":26,"column":47}},"20":{"start":{"line":27,"column":0},"end":{"line":27,"column":null}},"21":{"start":{"line":56,"column":7},"end":{"line":78,"column":null}},"22":{"start":{"line":58,"column":4},"end":{"line":63,"column":8}},"23":{"start":{"line":64,"column":4},"end":{"line":69,"column":8}},"24":{"start":{"line":70,"column":4},"end":{"line":76,"column":6}},"25":{"start":{"line":56,"column":13},"end":{"line":56,"column":22}},"26":{"start":{"line":56,"column":13},"end":{"line":78,"column":null}}},"fnMap":{"0":{"name":"(anonymous_1)","decl":{"start":{"line":57,"column":2},"end":{"line":57,"column":11}},"loc":{"start":{"line":57,"column":40},"end":{"line":77,"column":3}}}},"branchMap":{},"s":{"0":1,"1":1,"2":1,"3":1,"4":1,"5":1,"6":1,"7":1,"8":1,"9":1,"10":1,"11":1,"12":1,"13":1,"14":1,"15":1,"16":1,"17":1,"18":1,"19":1,"20":1,"21":1,"22":1,"23":1,"24":1,"25":1,"26":1},"f":{"0":1},"b":{}}
,"/home/harri/store-backend-Nest.js-Typeorm/src/modules/people.module.ts": {"path":"/home/harri/store-backend-Nest.js-Typeorm/src/modules/people.module.ts","statementMap":{"0":{"start":{"line":1,"column":0},"end":{"line":1,"column":40}},"1":{"start":{"line":2,"column":0},"end":{"line":2,"column":59}},"2":{"start":{"line":3,"column":0},"end":{"line":3,"column":68}},"3":{"start":{"line":4,"column":0},"end":{"line":4,"column":48}},"4":{"start":{"line":5,"column":0},"end":{"line":5,"column":51}},"5":{"start":{"line":6,"column":0},"end":{"line":6,"column":53}},"6":{"start":{"line":7,"column":0},"end":{"line":7,"column":51}},"7":{"start":{"line":8,"column":0},"end":{"line":8,"column":57}},"8":{"start":{"line":15,"column":7},"end":{"line":15,"column":null}},"9":{"start":{"line":15,"column":13},"end":{"line":15,"column":25}},"10":{"start":{"line":15,"column":13},"end":{"line":15,"column":null}}},"fnMap":{},"branchMap":{},"s":{"0":1,"1":1,"2":1,"3":1,"4":1,"5":1,"6":1,"7":1,"8":1,"9":1,"10":1},"f":{},"b":{}}
,"/home/harri/store-backend-Nest.js-Typeorm/src/services/app.service.ts": {"path":"/home/harri/store-backend-Nest.js-Typeorm/src/services/app.service.ts","statementMap":{"0":{"start":{"line":1,"column":0},"end":{"line":1,"column":44}},"1":{"start":{"line":4,"column":7},"end":{"line":8,"column":null}},"2":{"start":{"line":6,"column":4},"end":{"line":6,"column":26}},"3":{"start":{"line":4,"column":13},"end":{"line":4,"column":23}},"4":{"start":{"line":4,"column":13},"end":{"line":8,"column":null}}},"fnMap":{"0":{"name":"(anonymous_1)","decl":{"start":{"line":5,"column":2},"end":{"line":5,"column":10}},"loc":{"start":{"line":5,"column":10},"end":{"line":7,"column":3}}}},"branchMap":{},"s":{"0":1,"1":1,"2":0,"3":1,"4":1},"f":{"0":0},"b":{}}
,"/home/harri/store-backend-Nest.js-Typeorm/src/services/client.service.ts": {"path":"/home/harri/store-backend-Nest.js-Typeorm/src/services/client.service.ts","statementMap":{"0":{"start":{"line":1,"column":0},"end":{"line":1,"column":44}},"1":{"start":{"line":2,"column":0},"end":{"line":2,"column":51}},"2":{"start":{"line":4,"column":0},"end":{"line":4,"column":51}},"3":{"start":{"line":5,"column":0},"end":{"line":5,"column":49}},"4":{"start":{"line":6,"column":0},"end":{"line":6,"column":55}},"5":{"start":{"line":7,"column":0},"end":{"line":7,"column":37}},"6":{"start":{"line":10,"column":7},"end":{"line":86,"column":null}},"7":{"start":{"line":13,"column":21},"end":{"line":13,"column":39}},"8":{"start":{"line":15,"column":21},"end":{"line":15,"column":41}},"9":{"start":{"line":17,"column":21},"end":{"line":17,"column":38}},"10":{"start":{"line":21,"column":19},"end":{"line":24,"column":6}},"11":{"start":{"line":25,"column":21},"end":{"line":25,"column":52}},"12":{"start":{"line":26,"column":4},"end":{"line":26,"column":36}},"13":{"start":{"line":27,"column":4},"end":{"line":27,"column":46}},"14":{"start":{"line":31,"column":19},"end":{"line":34,"column":6}},"15":{"start":{"line":35,"column":4},"end":{"line":35,"column":18}},"16":{"start":{"line":43,"column":19},"end":{"line":46,"column":6}},"17":{"start":{"line":47,"column":22},"end":{"line":54,"column":6}},"18":{"start":{"line":48,"column":6},"end":{"line":52,"column":7}},"19":{"start":{"line":49,"column":25},"end":{"line":49,"column":56}},"20":{"start":{"line":50,"column":8},"end":{"line":50,"column":33}},"21":{"start":{"line":51,"column":8},"end":{"line":51,"column":24}},"22":{"start":{"line":53,"column":6},"end":{"line":53,"column":16}},"23":{"start":{"line":56,"column":4},"end":{"line":56,"column":33}},"24":{"start":{"line":57,"column":4},"end":{"line":57,"column":46}},"25":{"start":{"line":61,"column":4},"end":{"line":61,"column":61}},"26":{"start":{"line":62,"column":19},"end":{"line":65,"column":6}},"27":{"start":{"line":66,"column":4},"end":{"line":66,"column":18}},"28":{"start":{"line":70,"column":4},"end":{"line":70,"column":60}},"29":{"start":{"line":71,"column":21},"end":{"line":74,"column":6}},"30":{"start":{"line":76,"column":19},"end":{"line":81,"column":null}},"31":{"start":{"line":78,"column":8},"end":{"line":81,"column":10}},"32":{"start":{"line":83,"column":4},"end":{"line":83,"column":48}},"33":{"start":{"line":84,"column":4},"end":{"line":84,"column":20}},"34":{"start":{"line":10,"column":13},"end":{"line":10,"column":26}},"35":{"start":{"line":10,"column":13},"end":{"line":86,"column":null}}},"fnMap":{"0":{"name":"(anonymous_4)","decl":{"start":{"line":11,"column":2},"end":{"line":11,"column":null}},"loc":{"start":{"line":17,"column":55},"end":{"line":18,"column":6}}},"1":{"name":"(anonymous_5)","decl":{"start":{"line":20,"column":2},"end":{"line":20,"column":7}},"loc":{"start":{"line":20,"column":77},"end":{"line":28,"column":3}}},"2":{"name":"(anonymous_6)","decl":{"start":{"line":30,"column":2},"end":{"line":30,"column":7}},"loc":{"start":{"line":30,"column":51},"end":{"line":36,"column":3}}},"3":{"name":"(anonymous_7)","decl":{"start":{"line":38,"column":2},"end":{"line":38,"column":7}},"loc":{"start":{"line":41,"column":40},"end":{"line":58,"column":3}}},"4":{"name":"(anonymous_8)","decl":{"start":{"line":47,"column":43},"end":{"line":47,"column":44}},"loc":{"start":{"line":47,"column":50},"end":{"line":54,"column":5}}},"5":{"name":"(anonymous_9)","decl":{"start":{"line":60,"column":2},"end":{"line":60,"column":7}},"loc":{"start":{"line":60,"column":59},"end":{"line":67,"column":3}}},"6":{"name":"(anonymous_10)","decl":{"start":{"line":69,"column":2},"end":{"line":69,"column":7}},"loc":{"start":{"line":69,"column":69},"end":{"line":85,"column":3}}},"7":{"name":"(anonymous_11)","decl":{"start":{"line":77,"column":6},"end":{"line":77,"column":11}},"loc":{"start":{"line":78,"column":8},"end":{"line":81,"column":10}}}},"branchMap":{"0":{"loc":{"start":{"line":48,"column":6},"end":{"line":52,"column":7}},"type":"if","locations":[{"start":{"line":48,"column":6},"end":{"line":52,"column":7}}]}},"s":{"0":1,"1":1,"2":1,"3":1,"4":1,"5":1,"6":1,"7":1,"8":1,"9":1,"10":0,"11":0,"12":0,"13":0,"14":0,"15":0,"16":0,"17":0,"18":0,"19":0,"20":0,"21":0,"22":0,"23":0,"24":0,"25":0,"26":0,"27":0,"28":0,"29":0,"30":0,"31":0,"32":0,"33":0,"34":1,"35":1},"f":{"0":1,"1":0,"2":0,"3":0,"4":0,"5":0,"6":0,"7":0},"b":{"0":[0]}}
,"/home/harri/store-backend-Nest.js-Typeorm/src/services/craftsman.service.ts": {"path":"/home/harri/store-backend-Nest.js-Typeorm/src/services/craftsman.service.ts","statementMap":{"0":{"start":{"line":1,"column":0},"end":{"line":1,"column":44}},"1":{"start":{"line":2,"column":0},"end":{"line":2,"column":51}},"2":{"start":{"line":4,"column":0},"end":{"line":4,"column":57}},"3":{"start":{"line":5,"column":0},"end":{"line":5,"column":49}},"4":{"start":{"line":6,"column":0},"end":{"line":6,"column":55}},"5":{"start":{"line":7,"column":0},"end":{"line":7,"column":37}},"6":{"start":{"line":10,"column":7},"end":{"line":83,"column":null}},"7":{"start":{"line":13,"column":21},"end":{"line":13,"column":42}},"8":{"start":{"line":15,"column":21},"end":{"line":15,"column":38}},"9":{"start":{"line":17,"column":21},"end":{"line":17,"column":41}},"10":{"start":{"line":25,"column":21},"end":{"line":27,"column":6}},"11":{"start":{"line":28,"column":22},"end":{"line":30,"column":6}},"12":{"start":{"line":31,"column":18},"end":{"line":31,"column":43}},"13":{"start":{"line":32,"column":4},"end":{"line":32,"column":30}},"14":{"start":{"line":33,"column":4},"end":{"line":33,"column":32}},"15":{"start":{"line":34,"column":4},"end":{"line":34,"column":44}},"16":{"start":{"line":38,"column":22},"end":{"line":41,"column":6}},"17":{"start":{"line":42,"column":19},"end":{"line":47,"column":null}},"18":{"start":{"line":44,"column":8},"end":{"line":47,"column":10}},"19":{"start":{"line":50,"column":4},"end":{"line":50,"column":49}},"20":{"start":{"line":52,"column":4},"end":{"line":52,"column":21}},"21":{"start":{"line":61,"column":4},"end":{"line":61,"column":58}},"22":{"start":{"line":62,"column":22},"end":{"line":64,"column":6}},"23":{"start":{"line":65,"column":21},"end":{"line":67,"column":6}},"24":{"start":{"line":68,"column":18},"end":{"line":68,"column":43}},"25":{"start":{"line":69,"column":4},"end":{"line":69,"column":23}},"26":{"start":{"line":70,"column":4},"end":{"line":70,"column":32}},"27":{"start":{"line":71,"column":4},"end":{"line":71,"column":30}},"28":{"start":{"line":72,"column":4},"end":{"line":72,"column":44}},"29":{"start":{"line":76,"column":4},"end":{"line":76,"column":55}},"30":{"start":{"line":77,"column":22},"end":{"line":80,"column":6}},"31":{"start":{"line":81,"column":4},"end":{"line":81,"column":21}},"32":{"start":{"line":10,"column":13},"end":{"line":10,"column":29}},"33":{"start":{"line":10,"column":13},"end":{"line":83,"column":null}}},"fnMap":{"0":{"name":"(anonymous_4)","decl":{"start":{"line":11,"column":2},"end":{"line":11,"column":null}},"loc":{"start":{"line":17,"column":61},"end":{"line":18,"column":6}}},"1":{"name":"(anonymous_5)","decl":{"start":{"line":20,"column":2},"end":{"line":20,"column":7}},"loc":{"start":{"line":23,"column":34},"end":{"line":35,"column":3}}},"2":{"name":"(anonymous_6)","decl":{"start":{"line":37,"column":2},"end":{"line":37,"column":7}},"loc":{"start":{"line":37,"column":54},"end":{"line":53,"column":3}}},"3":{"name":"(anonymous_7)","decl":{"start":{"line":43,"column":6},"end":{"line":43,"column":11}},"loc":{"start":{"line":44,"column":8},"end":{"line":47,"column":10}}},"4":{"name":"(anonymous_8)","decl":{"start":{"line":55,"column":2},"end":{"line":55,"column":7}},"loc":{"start":{"line":59,"column":34},"end":{"line":73,"column":3}}},"5":{"name":"(anonymous_9)","decl":{"start":{"line":75,"column":2},"end":{"line":75,"column":7}},"loc":{"start":{"line":75,"column":55},"end":{"line":82,"column":3}}}},"branchMap":{},"s":{"0":1,"1":1,"2":1,"3":1,"4":1,"5":1,"6":1,"7":1,"8":1,"9":1,"10":0,"11":0,"12":0,"13":0,"14":0,"15":0,"16":0,"17":0,"18":0,"19":0,"20":0,"21":0,"22":0,"23":0,"24":0,"25":0,"26":0,"27":0,"28":0,"29":0,"30":0,"31":0,"32":1,"33":1},"f":{"0":1,"1":0,"2":0,"3":0,"4":0,"5":0},"b":{}}
,"/home/harri/store-backend-Nest.js-Typeorm/src/services/people.service.ts": {"path":"/home/harri/store-backend-Nest.js-Typeorm/src/services/people.service.ts","statementMap":{"0":{"start":{"line":1,"column":0},"end":{"line":1,"column":44}},"1":{"start":{"line":4,"column":0},"end":{"line":4,"column":51}},"2":{"start":{"line":5,"column":0},"end":{"line":5,"column":51}},"3":{"start":{"line":6,"column":0},"end":{"line":6,"column":52}},"4":{"start":{"line":7,"column":0},"end":{"line":7,"column":53}},"5":{"start":{"line":9,"column":0},"end":{"line":9,"column":51}},"6":{"start":{"line":11,"column":0},"end":{"line":11,"column":57}},"7":{"start":{"line":14,"column":7},"end":{"line":156,"column":null}},"8":{"start":{"line":17,"column":21},"end":{"line":17,"column":39}},"9":{"start":{"line":19,"column":21},"end":{"line":19,"column":40}},"10":{"start":{"line":21,"column":21},"end":{"line":21,"column":39}},"11":{"start":{"line":23,"column":21},"end":{"line":23,"column":42}},"12":{"start":{"line":24,"column":21},"end":{"line":24,"column":36}},"13":{"start":{"line":27,"column":19},"end":{"line":27,"column":46}},"14":{"start":{"line":28,"column":16},"end":{"line":30,"column":6}},"15":{"start":{"line":31,"column":4},"end":{"line":31,"column":77}},"16":{"start":{"line":31,"column":15},"end":{"line":31,"column":77}},"17":{"start":{"line":32,"column":4},"end":{"line":34,"column":7}},"18":{"start":{"line":35,"column":4},"end":{"line":39,"column":8}},"19":{"start":{"line":36,"column":6},"end":{"line":39,"column":8}},"20":{"start":{"line":40,"column":4},"end":{"line":42,"column":7}},"21":{"start":{"line":43,"column":4},"end":{"line":43,"column":75}},"22":{"start":{"line":43,"column":15},"end":{"line":43,"column":75}},"23":{"start":{"line":44,"column":4},"end":{"line":44,"column":52}},"24":{"start":{"line":48,"column":4},"end":{"line":48,"column":40}},"25":{"start":{"line":52,"column":18},"end":{"line":55,"column":6}},"26":{"start":{"line":56,"column":4},"end":{"line":57,"column":74}},"27":{"start":{"line":57,"column":6},"end":{"line":57,"column":74}},"28":{"start":{"line":58,"column":4},"end":{"line":58,"column":17}},"29":{"start":{"line":62,"column":19},"end":{"line":62,"column":46}},"30":{"start":{"line":63,"column":18},"end":{"line":63,"column":63}},"31":{"start":{"line":64,"column":4},"end":{"line":65,"column":74}},"32":{"start":{"line":65,"column":6},"end":{"line":65,"column":74}},"33":{"start":{"line":66,"column":4},"end":{"line":66,"column":19}},"34":{"start":{"line":67,"column":4},"end":{"line":67,"column":52}},"35":{"start":{"line":71,"column":18},"end":{"line":71,"column":63}},"36":{"start":{"line":72,"column":4},"end":{"line":73,"column":74}},"37":{"start":{"line":73,"column":6},"end":{"line":73,"column":74}},"38":{"start":{"line":74,"column":4},"end":{"line":74,"column":43}},"39":{"start":{"line":75,"column":4},"end":{"line":75,"column":42}},"40":{"start":{"line":79,"column":20},"end":{"line":79,"column":49}},"41":{"start":{"line":80,"column":19},"end":{"line":80,"column":64}},"42":{"start":{"line":81,"column":4},"end":{"line":82,"column":74}},"43":{"start":{"line":82,"column":6},"end":{"line":82,"column":74}},"44":{"start":{"line":83,"column":4},"end":{"line":83,"column":29}},"45":{"start":{"line":84,"column":4},"end":{"line":84,"column":52}},"46":{"start":{"line":92,"column":4},"end":{"line":92,"column":61}},"47":{"start":{"line":93,"column":19},"end":{"line":93,"column":64}},"48":{"start":{"line":94,"column":20},"end":{"line":94,"column":49}},"49":{"start":{"line":95,"column":4},"end":{"line":95,"column":26}},"50":{"start":{"line":96,"column":4},"end":{"line":96,"column":29}},"51":{"start":{"line":97,"column":4},"end":{"line":97,"column":46}},"52":{"start":{"line":101,"column":19},"end":{"line":101,"column":64}},"53":{"start":{"line":102,"column":19},"end":{"line":102,"column":33}},"54":{"start":{"line":103,"column":4},"end":{"line":103,"column":27}},"55":{"start":{"line":104,"column":4},"end":{"line":104,"column":52}},"56":{"start":{"line":108,"column":4},"end":{"line":108,"column":77}},"57":{"start":{"line":112,"column":19},"end":{"line":115,"column":6}},"58":{"start":{"line":116,"column":19},"end":{"line":116,"column":74}},"59":{"start":{"line":117,"column":4},"end":{"line":117,"column":27}},"60":{"start":{"line":118,"column":4},"end":{"line":118,"column":18}},"61":{"start":{"line":122,"column":19},"end":{"line":122,"column":64}},"62":{"start":{"line":123,"column":22},"end":{"line":123,"column":55}},"63":{"start":{"line":124,"column":4},"end":{"line":124,"column":30}},"64":{"start":{"line":125,"column":4},"end":{"line":125,"column":52}},"65":{"start":{"line":129,"column":4},"end":{"line":129,"column":74}},"66":{"start":{"line":133,"column":19},"end":{"line":136,"column":6}},"67":{"start":{"line":137,"column":22},"end":{"line":139,"column":6}},"68":{"start":{"line":140,"column":4},"end":{"line":140,"column":30}},"69":{"start":{"line":141,"column":4},"end":{"line":141,"column":21}},"70":{"start":{"line":149,"column":22},"end":{"line":149,"column":55}},"71":{"start":{"line":150,"column":4},"end":{"line":150,"column":66}},"72":{"start":{"line":151,"column":19},"end":{"line":151,"column":64}},"73":{"start":{"line":152,"column":4},"end":{"line":152,"column":31}},"74":{"start":{"line":153,"column":4},"end":{"line":153,"column":30}},"75":{"start":{"line":154,"column":4},"end":{"line":154,"column":52}},"76":{"start":{"line":14,"column":13},"end":{"line":14,"column":26}},"77":{"start":{"line":14,"column":13},"end":{"line":156,"column":null}}},"fnMap":{"0":{"name":"(anonymous_4)","decl":{"start":{"line":15,"column":2},"end":{"line":15,"column":null}},"loc":{"start":{"line":24,"column":49},"end":{"line":25,"column":6}}},"1":{"name":"(anonymous_5)","decl":{"start":{"line":26,"column":2},"end":{"line":26,"column":7}},"loc":{"start":{"line":26,"column":47},"end":{"line":45,"column":3}}},"2":{"name":"(anonymous_6)","decl":{"start":{"line":47,"column":2},"end":{"line":47,"column":7}},"loc":{"start":{"line":47,"column":15},"end":{"line":49,"column":3}}},"3":{"name":"(anonymous_7)","decl":{"start":{"line":51,"column":2},"end":{"line":51,"column":7}},"loc":{"start":{"line":51,"column":26},"end":{"line":59,"column":3}}},"4":{"name":"(anonymous_8)","decl":{"start":{"line":61,"column":2},"end":{"line":61,"column":7}},"loc":{"start":{"line":61,"column":59},"end":{"line":68,"column":3}}},"5":{"name":"(anonymous_9)","decl":{"start":{"line":70,"column":2},"end":{"line":70,"column":7}},"loc":{"start":{"line":70,"column":25},"end":{"line":76,"column":3}}},"6":{"name":"(anonymous_10)","decl":{"start":{"line":78,"column":2},"end":{"line":78,"column":7}},"loc":{"start":{"line":78,"column":68},"end":{"line":85,"column":3}}},"7":{"name":"(anonymous_11)","decl":{"start":{"line":87,"column":2},"end":{"line":87,"column":7}},"loc":{"start":{"line":90,"column":20},"end":{"line":98,"column":3}}},"8":{"name":"(anonymous_12)","decl":{"start":{"line":100,"column":2},"end":{"line":100,"column":7}},"loc":{"start":{"line":100,"column":31},"end":{"line":105,"column":3}}},"9":{"name":"(anonymous_13)","decl":{"start":{"line":107,"column":2},"end":{"line":107,"column":7}},"loc":{"start":{"line":107,"column":22},"end":{"line":109,"column":3}}},"10":{"name":"(anonymous_14)","decl":{"start":{"line":111,"column":2},"end":{"line":111,"column":7}},"loc":{"start":{"line":111,"column":51},"end":{"line":119,"column":3}}},"11":{"name":"(anonymous_15)","decl":{"start":{"line":121,"column":2},"end":{"line":121,"column":7}},"loc":{"start":{"line":121,"column":74},"end":{"line":126,"column":3}}},"12":{"name":"(anonymous_16)","decl":{"start":{"line":128,"column":2},"end":{"line":128,"column":7}},"loc":{"start":{"line":128,"column":24},"end":{"line":130,"column":3}}},"13":{"name":"(anonymous_17)","decl":{"start":{"line":132,"column":2},"end":{"line":132,"column":7}},"loc":{"start":{"line":132,"column":57},"end":{"line":142,"column":3}}},"14":{"name":"(anonymous_18)","decl":{"start":{"line":144,"column":2},"end":{"line":144,"column":7}},"loc":{"start":{"line":147,"column":42},"end":{"line":155,"column":3}}}},"branchMap":{"0":{"loc":{"start":{"line":31,"column":4},"end":{"line":31,"column":77}},"type":"if","locations":[{"start":{"line":31,"column":4},"end":{"line":31,"column":77}}]},"1":{"loc":{"start":{"line":35,"column":4},"end":{"line":39,"column":8}},"type":"if","locations":[{"start":{"line":35,"column":4},"end":{"line":39,"column":8}}]},"2":{"loc":{"start":{"line":43,"column":4},"end":{"line":43,"column":75}},"type":"if","locations":[{"start":{"line":43,"column":4},"end":{"line":43,"column":75}}]},"3":{"loc":{"start":{"line":56,"column":4},"end":{"line":57,"column":74}},"type":"if","locations":[{"start":{"line":56,"column":4},"end":{"line":57,"column":74}}]},"4":{"loc":{"start":{"line":64,"column":4},"end":{"line":65,"column":74}},"type":"if","locations":[{"start":{"line":64,"column":4},"end":{"line":65,"column":74}}]},"5":{"loc":{"start":{"line":72,"column":4},"end":{"line":73,"column":74}},"type":"if","locations":[{"start":{"line":72,"column":4},"end":{"line":73,"column":74}}]},"6":{"loc":{"start":{"line":81,"column":4},"end":{"line":82,"column":74}},"type":"if","locations":[{"start":{"line":81,"column":4},"end":{"line":82,"column":74}}]}},"s":{"0":1,"1":1,"2":1,"3":1,"4":1,"5":1,"6":1,"7":1,"8":1,"9":1,"10":1,"11":1,"12":1,"13":4,"14":4,"15":4,"16":1,"17":3,"18":3,"19":0,"20":3,"21":3,"22":0,"23":3,"24":1,"25":2,"26":2,"27":1,"28":1,"29":2,"30":2,"31":2,"32":1,"33":1,"34":1,"35":2,"36":2,"37":1,"38":1,"39":1,"40":1,"41":1,"42":1,"43":1,"44":0,"45":0,"46":0,"47":0,"48":0,"49":0,"50":0,"51":0,"52":0,"53":0,"54":0,"55":0,"56":0,"57":0,"58":0,"59":0,"60":0,"61":0,"62":0,"63":0,"64":0,"65":0,"66":0,"67":0,"68":0,"69":0,"70":0,"71":0,"72":0,"73":0,"74":0,"75":0,"76":1,"77":1},"f":{"0":1,"1":4,"2":1,"3":2,"4":2,"5":2,"6":1,"7":0,"8":0,"9":0,"10":0,"11":0,"12":0,"13":0,"14":0},"b":{"0":[1],"1":[0],"2":[0],"3":[1],"4":[1],"5":[1],"6":[1]}}
,"/home/harri/store-backend-Nest.js-Typeorm/src/services/purchase.service.ts": {"path":"/home/harri/store-backend-Nest.js-Typeorm/src/services/purchase.service.ts","statementMap":{"0":{"start":{"line":1,"column":0},"end":{"line":1,"column":44}},"1":{"start":{"line":2,"column":0},"end":{"line":2,"column":51}},"2":{"start":{"line":4,"column":0},"end":{"line":4,"column":47}},"3":{"start":{"line":5,"column":0},"end":{"line":5,"column":49}},"4":{"start":{"line":6,"column":0},"end":{"line":6,"column":55}},"5":{"start":{"line":7,"column":0},"end":{"line":7,"column":37}},"6":{"start":{"line":10,"column":7},"end":{"line":58,"column":null}},"7":{"start":{"line":13,"column":21},"end":{"line":13,"column":41}},"8":{"start":{"line":15,"column":21},"end":{"line":15,"column":38}},"9":{"start":{"line":17,"column":21},"end":{"line":17,"column":37}},"10":{"start":{"line":21,"column":21},"end":{"line":24,"column":6}},"11":{"start":{"line":25,"column":18},"end":{"line":28,"column":6}},"12":{"start":{"line":29,"column":17},"end":{"line":29,"column":29}},"13":{"start":{"line":30,"column":4},"end":{"line":30,"column":29}},"14":{"start":{"line":31,"column":4},"end":{"line":31,"column":23}},"15":{"start":{"line":32,"column":4},"end":{"line":32,"column":42}},"16":{"start":{"line":36,"column":17},"end":{"line":39,"column":6}},"17":{"start":{"line":40,"column":4},"end":{"line":40,"column":16}},"18":{"start":{"line":44,"column":17},"end":{"line":47,"column":6}},"19":{"start":{"line":48,"column":4},"end":{"line":48,"column":37}},"20":{"start":{"line":49,"column":4},"end":{"line":49,"column":51}},"21":{"start":{"line":50,"column":4},"end":{"line":50,"column":45}},"22":{"start":{"line":51,"column":4},"end":{"line":51,"column":42}},"23":{"start":{"line":55,"column":4},"end":{"line":55,"column":45}},"24":{"start":{"line":56,"column":4},"end":{"line":56,"column":42}},"25":{"start":{"line":10,"column":13},"end":{"line":10,"column":28}},"26":{"start":{"line":10,"column":13},"end":{"line":58,"column":null}}},"fnMap":{"0":{"name":"(anonymous_4)","decl":{"start":{"line":11,"column":2},"end":{"line":11,"column":null}},"loc":{"start":{"line":17,"column":53},"end":{"line":18,"column":6}}},"1":{"name":"(anonymous_5)","decl":{"start":{"line":20,"column":2},"end":{"line":20,"column":7}},"loc":{"start":{"line":20,"column":54},"end":{"line":33,"column":3}}},"2":{"name":"(anonymous_6)","decl":{"start":{"line":35,"column":2},"end":{"line":35,"column":7}},"loc":{"start":{"line":35,"column":35},"end":{"line":41,"column":3}}},"3":{"name":"(anonymous_7)","decl":{"start":{"line":43,"column":2},"end":{"line":43,"column":7}},"loc":{"start":{"line":43,"column":63},"end":{"line":52,"column":3}}},"4":{"name":"(anonymous_8)","decl":{"start":{"line":54,"column":2},"end":{"line":54,"column":7}},"loc":{"start":{"line":54,"column":33},"end":{"line":57,"column":3}}}},"branchMap":{},"s":{"0":1,"1":1,"2":1,"3":1,"4":1,"5":1,"6":1,"7":1,"8":1,"9":1,"10":0,"11":0,"12":0,"13":0,"14":0,"15":0,"16":0,"17":0,"18":0,"19":0,"20":0,"21":0,"22":0,"23":0,"24":0,"25":1,"26":1},"f":{"0":1,"1":0,"2":0,"3":0,"4":0},"b":{}}
,"/home/harri/store-backend-Nest.js-Typeorm/src/utils/decimalColumnTRansformer.ts": {"path":"/home/harri/store-backend-Nest.js-Typeorm/src/utils/decimalColumnTRansformer.ts","statementMap":{"0":{"start":{"line":3,"column":4},"end":{"line":3,"column":16}},"1":{"start":{"line":7,"column":4},"end":{"line":7,"column":28}},"2":{"start":{"line":1,"column":0},"end":{"line":1,"column":13}}},"fnMap":{"0":{"name":"(anonymous_0)","decl":{"start":{"line":2,"column":2},"end":{"line":2,"column":4}},"loc":{"start":{"line":2,"column":17},"end":{"line":4,"column":3}}},"1":{"name":"(anonymous_1)","decl":{"start":{"line":6,"column":2},"end":{"line":6,"column":6}},"loc":{"start":{"line":6,"column":19},"end":{"line":8,"column":3}}}},"branchMap":{},"s":{"0":0,"1":0,"2":1},"f":{"0":0,"1":0},"b":{}}
,"/home/harri/store-backend-Nest.js-Typeorm/src/utils/response.message.ts": {"path":"/home/harri/store-backend-Nest.js-Typeorm/src/utils/response.message.ts","statementMap":{"0":{"start":{"line":6,"column":4},"end":{"line":6,"column":27}},"1":{"start":{"line":7,"column":4},"end":{"line":7,"column":21}},"2":{"start":{"line":1,"column":0},"end":{"line":1,"column":13}}},"fnMap":{"0":{"name":"(anonymous_0)","decl":{"start":{"line":5,"column":2},"end":{"line":5,"column":14}},"loc":{"start":{"line":5,"column":38},"end":{"line":8,"column":3}}}},"branchMap":{},"s":{"0":7,"1":7,"2":1},"f":{"0":7},"b":{}}
,"/home/harri/store-backend-Nest.js-Typeorm/test/connection.ts": {"path":"/home/harri/store-backend-Nest.js-Typeorm/test/connection.ts","statementMap":{"0":{"start":{"line":1,"column":0},"end":{"line":1,"column":37}},"1":{"start":{"line":4,"column":25},"end":{"line":15,"column":2}},"2":{"start":{"line":17,"column":19},"end":{"line":21,"column":2}},"3":{"start":{"line":24,"column":2},"end":{"line":33,"column":3}},"4":{"start":{"line":25,"column":4},"end":{"line":25,"column":40}},"5":{"start":{"line":26,"column":4},"end":{"line":26,"column":67}},"6":{"start":{"line":28,"column":4},"end":{"line":30,"column":6}},"7":{"start":{"line":31,"column":4},"end":{"line":31,"column":21}},"8":{"start":{"line":32,"column":4},"end":{"line":32,"column":20}},"9":{"start":{"line":35,"column":2},"end":{"line":35,"column":20}},"10":{"start":{"line":23,"column":0},"end":{"line":23,"column":7}},"11":{"start":{"line":39,"column":2},"end":{"line":48,"column":3}},"12":{"start":{"line":40,"column":4},"end":{"line":40,"column":65}},"13":{"start":{"line":41,"column":4},"end":{"line":41,"column":37}},"14":{"start":{"line":43,"column":4},"end":{"line":45,"column":6}},"15":{"start":{"line":46,"column":4},"end":{"line":46,"column":21}},"16":{"start":{"line":47,"column":4},"end":{"line":47,"column":20}},"17":{"start":{"line":38,"column":0},"end":{"line":38,"column":7}}},"fnMap":{"0":{"name":"databaseIntegrationSetup","decl":{"start":{"line":23,"column":22},"end":{"line":23,"column":46}},"loc":{"start":{"line":23,"column":46},"end":{"line":36,"column":1}}},"1":{"name":"closeDatabaseIntegration","decl":{"start":{"line":38,"column":22},"end":{"line":38,"column":46}},"loc":{"start":{"line":38,"column":46},"end":{"line":49,"column":1}}}},"branchMap":{"0":{"loc":{"start":{"line":29,"column":9},"end":{"line":29,"column":63}},"type":"cond-expr","locations":[{"start":{"line":29,"column":32},"end":{"line":29,"column":41}},{"start":{"line":29,"column":44},"end":{"line":29,"column":63}}]},"1":{"loc":{"start":{"line":44,"column":9},"end":{"line":44,"column":63}},"type":"cond-expr","locations":[{"start":{"line":44,"column":32},"end":{"line":44,"column":41}},{"start":{"line":44,"column":44},"end":{"line":44,"column":63}}]}},"s":{"0":1,"1":1,"2":1,"3":1,"4":1,"5":1,"6":0,"7":0,"8":0,"9":1,"10":1,"11":1,"12":1,"13":1,"14":0,"15":0,"16":0,"17":1},"f":{"0":1,"1":1},"b":{"0":[0,0],"1":[0,0]}}
,"/home/harri/store-backend-Nest.js-Typeorm/test/person.mock.ts": {"path":"/home/harri/store-backend-Nest.js-Typeorm/test/person.mock.ts","statementMap":{"0":{"start":{"line":3,"column":13},"end":{"line":10,"column":2}},"1":{"start":{"line":12,"column":13},"end":{"line":15,"column":2}},"2":{"start":{"line":17,"column":13},"end":{"line":20,"column":2}},"3":{"start":{"line":22,"column":13},"end":{"line":25,"column":2}},"4":{"start":{"line":27,"column":13},"end":{"line":34,"column":2}},"5":{"start":{"line":36,"column":13},"end":{"line":43,"column":2}}},"fnMap":{},"branchMap":{},"s":{"0":1,"1":1,"2":1,"3":1,"4":1,"5":1},"f":{},"b":{}}
}
