TN:
SF:src/controllers/app.controller.ts
FN:6,(anonymous_2)
FN:9,(anonymous_3)
FNF:2
FNH:1
FNDA:1,(anonymous_2)
FNDA:0,(anonymous_3)
DA:1,1
DA:2,1
DA:5,1
DA:6,1
DA:9,1
DA:10,0
LF:6
LH:5
BRF:0
BRH:0
end_of_record
TN:
SF:src/controllers/client.controller.ts
FN:16,(anonymous_4)
FN:19,(anonymous_5)
FN:31,(anonymous_6)
FN:38,(anonymous_7)
FN:52,(anonymous_8)
FN:64,(anonymous_9)
FNF:6
FNH:1
FNDA:1,(anonymous_4)
FNDA:0,(anonymous_5)
FNDA:0,(anonymous_6)
FNDA:0,(anonymous_7)
FNDA:0,(anonymous_8)
FNDA:0,(anonymous_9)
DA:1,1
DA:10,1
DA:11,1
DA:12,1
DA:15,1
DA:16,1
DA:19,1
DA:23,0
DA:27,0
DA:31,1
DA:33,0
DA:34,0
DA:38,1
DA:43,0
DA:48,0
DA:52,1
DA:56,0
DA:60,0
DA:64,1
DA:68,0
DA:72,0
LF:21
LH:11
BRF:0
BRH:0
end_of_record
TN:
SF:src/controllers/craftsman.controller.ts
FN:16,(anonymous_4)
FN:19,(anonymous_5)
FN:33,(anonymous_6)
FN:40,(anonymous_7)
FN:56,(anonymous_8)
FNF:5
FNH:1
FNDA:1,(anonymous_4)
FNDA:0,(anonymous_5)
FNDA:0,(anonymous_6)
FNDA:0,(anonymous_7)
FNDA:0,(anonymous_8)
DA:1,1
DA:10,1
DA:11,1
DA:12,1
DA:15,1
DA:16,1
DA:19,1
DA:24,0
DA:29,0
DA:33,1
DA:35,0
DA:36,0
DA:40,1
DA:46,0
DA:52,0
DA:56,1
DA:60,0
DA:64,0
LF:18
LH:10
BRF:0
BRH:0
end_of_record
TN:
SF:src/controllers/people.controller.ts
FN:21,(anonymous_4)
FN:24,(anonymous_5)
FN:34,(anonymous_6)
FN:40,(anonymous_7)
FN:50,(anonymous_8)
FN:63,(anonymous_9)
FN:72,(anonymous_10)
FN:90,(anonymous_11)
FN:106,(anonymous_12)
FN:120,(anonymous_13)
FN:126,(anonymous_14)
FN:132,(anonymous_15)
FN:141,(anonymous_16)
FN:154,(anonymous_17)
FN:160,(anonymous_18)
FN:172,(anonymous_19)
FNF:16
FNH:8
FNDA:1,(anonymous_4)
FNDA:4,(anonymous_5)
FNDA:1,(anonymous_6)
FNDA:2,(anonymous_7)
FNDA:2,(anonymous_8)
FNDA:2,(anonymous_9)
FNDA:5,(anonymous_10)
FNDA:1,(anonymous_11)
FNDA:0,(anonymous_12)
FNDA:0,(anonymous_13)
FNDA:0,(anonymous_14)
FNDA:0,(anonymous_15)
FNDA:0,(anonymous_16)
FNDA:0,(anonymous_17)
FNDA:0,(anonymous_18)
FNDA:0,(anonymous_19)
DA:1,1
DA:12,1
DA:13,1
DA:14,1
DA:15,1
DA:16,1
DA:17,1
DA:20,1
DA:21,1
DA:24,1
DA:25,4
DA:26,4
DA:27,3
DA:29,1
DA:34,1
DA:35,1
DA:36,1
DA:40,1
DA:41,2
DA:42,2
DA:43,1
DA:45,1
DA:50,1
DA:54,2
DA:55,2
DA:56,1
DA:58,1
DA:63,1
DA:64,2
DA:65,2
DA:66,1
DA:68,1
DA:73,5
DA:77,5
DA:90,1
DA:94,1
DA:95,1
DA:99,0
DA:101,1
DA:106,1
DA:111,0
DA:116,0
DA:120,1
DA:121,0
DA:122,0
DA:126,1
DA:127,0
DA:128,0
DA:132,1
DA:136,0
DA:137,0
DA:141,1
DA:146,0
DA:150,0
DA:154,1
DA:155,0
DA:156,0
DA:160,1
DA:164,0
DA:168,0
DA:172,1
DA:177,0
DA:182,0
LF:63
LH:46
BRF:0
BRH:0
end_of_record
TN:
SF:src/controllers/purchase.controller.ts
FN:16,(anonymous_4)
FN:19,(anonymous_5)
FN:28,(anonymous_6)
FN:34,(anonymous_7)
FN:43,(anonymous_8)
FNF:5
FNH:1
FNDA:1,(anonymous_4)
FNDA:0,(anonymous_5)
FNDA:0,(anonymous_6)
FNDA:0,(anonymous_7)
FNDA:0,(anonymous_8)
DA:1,1
DA:10,1
DA:11,1
DA:12,1
DA:15,1
DA:16,1
DA:19,1
DA:23,0
DA:24,0
DA:28,1
DA:29,0
DA:30,0
DA:34,1
DA:38,0
DA:39,0
DA:43,1
DA:44,0
DA:45,0
LF:18
LH:10
BRF:0
BRH:0
end_of_record
TN:
SF:src/database/database.module.ts
FN:8,(anonymous_1)
FNF:1
FNH:1
FNDA:1,(anonymous_1)
DA:1,1
DA:2,1
DA:3,1
DA:8,1
DA:22,1
LF:5
LH:5
BRF:0
BRH:0
end_of_record
TN:
SF:src/dto/create-address.dto.ts
FNF:0
FNH:0
DA:1,1
LF:1
LH:1
BRF:0
BRH:0
end_of_record
TN:
SF:src/dto/create-craftsman.dto.ts
FNF:0
FNH:0
DA:1,1
LF:1
LH:1
BRF:0
BRH:0
end_of_record
TN:
SF:src/dto/create-offer.dto.ts
FNF:0
FNH:0
DA:1,1
LF:1
LH:1
BRF:0
BRH:0
end_of_record
TN:
SF:src/dto/create-person.dto.ts
FNF:0
FNH:0
DA:1,1
LF:1
LH:1
BRF:0
BRH:0
end_of_record
TN:
SF:src/dto/create-purchase.dto.ts
FNF:0
FNH:0
DA:1,1
LF:1
LH:1
BRF:0
BRH:0
end_of_record
TN:
SF:src/dto/update-deal.dto.ts
FNF:0
FNH:0
DA:1,1
LF:1
LH:1
BRF:0
BRH:0
end_of_record
TN:
SF:src/dto/update-person.dto.ts
FNF:0
FNH:0
DA:1,1
DA:2,1
DA:4,1
LF:3
LH:3
BRF:0
BRH:0
end_of_record
TN:
SF:src/entities/abstract.entity.ts
FN:8,(anonymous_2)
FNF:1
FNH:1
FNDA:38,(anonymous_2)
DA:1,1
DA:4,1
DA:6,1
DA:9,38
LF:4
LH:4
BRF:0
BRH:0
end_of_record
TN:
SF:src/entities/address.entity.ts
FNF:0
FNH:0
DA:1,1
DA:2,1
DA:5,1
DA:7,1
DA:9,1
DA:11,1
DA:13,1
DA:15,1
DA:17,1
LF:9
LH:9
BRF:0
BRH:0
end_of_record
TN:
SF:src/entities/chat.entity.ts
FN:7,(anonymous_2)
FNF:1
FNH:1
FNDA:3,(anonymous_2)
DA:1,1
DA:2,1
DA:3,1
DA:6,1
DA:7,3
DA:9,1
LF:6
LH:6
BRF:0
BRH:0
end_of_record
TN:
SF:src/entities/client.entity.ts
FN:8,(anonymous_2)
FN:12,(anonymous_3)
FN:12,(anonymous_4)
FNF:3
FNH:3
FNDA:3,(anonymous_2)
FNDA:3,(anonymous_3)
FNDA:3,(anonymous_4)
DA:1,1
DA:2,1
DA:3,1
DA:4,1
DA:7,1
DA:8,3
DA:10,1
DA:12,3
DA:13,1
LF:9
LH:9
BRF:0
BRH:0
end_of_record
TN:
SF:src/entities/craftsman.entity.ts
FN:11,(anonymous_2)
FN:15,(anonymous_3)
FN:15,(anonymous_4)
FNF:3
FNH:3
FNDA:3,(anonymous_2)
FNDA:3,(anonymous_3)
FNDA:3,(anonymous_4)
DA:1,1
DA:2,1
DA:3,1
DA:4,1
DA:7,1
DA:9,1
DA:11,3
DA:13,1
DA:15,3
DA:16,1
LF:10
LH:10
BRF:0
BRH:0
end_of_record
TN:
SF:src/entities/deal.entity.ts
FN:9,(anonymous_2)
FN:12,(anonymous_3)
FN:21,(anonymous_4)
FN:21,(anonymous_5)
FNF:4
FNH:4
FNDA:3,(anonymous_2)
FNDA:3,(anonymous_3)
FNDA:3,(anonymous_4)
FNDA:3,(anonymous_5)
DA:1,1
DA:2,1
DA:3,1
DA:4,1
DA:5,1
DA:8,1
DA:9,3
DA:11,1
DA:12,3
DA:14,1
DA:16,1
DA:18,1
DA:20,1
DA:21,3
DA:22,1
LF:15
LH:15
BRF:0
BRH:0
end_of_record
TN:
SF:src/entities/offer.entity.ts
FN:21,(anonymous_2)
FN:21,(anonymous_3)
FN:25,(anonymous_4)
FN:25,(anonymous_5)
FN:29,(anonymous_6)
FN:29,(anonymous_7)
FNF:6
FNH:6
FNDA:3,(anonymous_2)
FNDA:3,(anonymous_3)
FNDA:3,(anonymous_4)
FNDA:3,(anonymous_5)
FNDA:3,(anonymous_6)
FNDA:3,(anonymous_7)
DA:1,1
DA:2,1
DA:3,1
DA:4,1
DA:5,1
DA:6,1
DA:9,1
DA:16,1
DA:19,1
DA:21,3
DA:23,1
DA:25,3
DA:27,1
DA:29,3
DA:30,1
LF:15
LH:15
BRF:0
BRH:0
end_of_record
TN:
SF:src/entities/person.entity.ts
FN:26,(anonymous_2)
FN:30,(anonymous_3)
FN:30,(anonymous_4)
FNF:3
FNH:3
FNDA:3,(anonymous_2)
FNDA:3,(anonymous_3)
FNDA:3,(anonymous_4)
DA:1,1
DA:2,1
DA:3,1
DA:4,1
DA:7,1
DA:9,1
DA:12,1
DA:15,1
DA:18,1
DA:21,1
DA:24,1
DA:26,3
DA:28,1
DA:30,3
DA:31,1
LF:15
LH:15
BRF:0
BRH:0
end_of_record
TN:
SF:src/entities/purchase.entity.ts
FN:39,(anonymous_2)
FN:39,(anonymous_3)
FN:43,(anonymous_4)
FN:43,(anonymous_5)
FN:46,(anonymous_6)
FN:46,(anonymous_7)
FNF:6
FNH:6
FNDA:3,(anonymous_2)
FNDA:3,(anonymous_3)
FNDA:3,(anonymous_4)
FNDA:3,(anonymous_5)
FNDA:3,(anonymous_6)
FNDA:3,(anonymous_7)
DA:1,1
DA:2,1
DA:10,1
DA:11,1
DA:12,1
DA:13,1
DA:16,1
DA:18,1
DA:20,1
DA:27,1
DA:34,1
DA:36,1
DA:38,1
DA:39,3
DA:41,1
DA:43,3
DA:44,1
DA:46,3
DA:47,1
LF:19
LH:19
BRF:0
BRH:0
end_of_record
TN:
SF:src/middlewares/middlewares.ts
FN:7,peopleMiddleware
FN:18,addressMiddleware
FN:29,craftsmanMiddleware
FNF:3
FNH:2
FNDA:6,peopleMiddleware
FNDA:2,addressMiddleware
FNDA:0,craftsmanMiddleware
DA:2,1
DA:7,1
DA:12,6
DA:13,6
DA:14,6
DA:15,6
DA:18,1
DA:23,2
DA:24,2
DA:25,2
DA:26,1
DA:29,1
DA:34,0
DA:35,0
DA:36,0
DA:37,0
LF:16
LH:12
BRDA:14,0,0,0
BRDA:25,1,0,1
BRDA:36,2,0,0
BRF:3
BRH:1
end_of_record
TN:
SF:src/middlewares/validations/joiSchemas.ts
FNF:0
FNH:0
DA:1,1
DA:3,1
DA:12,1
DA:21,1
LF:4
LH:4
BRF:0
BRH:0
end_of_record
TN:
SF:src/middlewares/validations/validationSchemas.ts
FN:6,validatePerson
FN:12,validateAddress
FN:18,validateCraftsman
FNF:3
FNH:2
FNDA:6,validatePerson
FNDA:2,validateAddress
FNDA:0,validateCraftsman
DA:2,1
DA:6,1
DA:7,6
DA:8,6
DA:9,6
DA:12,1
DA:13,2
DA:14,2
DA:15,1
DA:18,1
DA:19,0
DA:20,0
DA:21,0
LF:13
LH:10
BRDA:8,0,0,0
BRDA:14,1,0,1
BRDA:20,2,0,0
BRF:3
BRH:1
end_of_record
TN:
SF:src/modules/app.module.ts
FN:57,(anonymous_1)
FNF:1
FNH:1
FNDA:1,(anonymous_1)
DA:1,1
DA:7,1
DA:8,1
DA:9,1
DA:10,1
DA:11,1
DA:12,1
DA:14,1
DA:15,1
DA:16,1
DA:17,1
DA:18,1
DA:19,1
DA:20,1
DA:21,1
DA:22,1
DA:23,1
DA:24,1
DA:25,1
DA:26,1
DA:27,1
DA:56,1
DA:58,1
DA:64,1
DA:70,1
LF:25
LH:25
BRF:0
BRH:0
end_of_record
TN:
SF:src/modules/people.module.ts
FNF:0
FNH:0
DA:1,1
DA:2,1
DA:3,1
DA:4,1
DA:5,1
DA:6,1
DA:7,1
DA:8,1
DA:15,1
LF:9
LH:9
BRF:0
BRH:0
end_of_record
TN:
SF:src/services/app.service.ts
FN:5,(anonymous_1)
FNF:1
FNH:0
FNDA:0,(anonymous_1)
DA:1,1
DA:4,1
DA:6,0
LF:3
LH:2
BRF:0
BRH:0
end_of_record
TN:
SF:src/services/client.service.ts
FN:11,(anonymous_4)
FN:20,(anonymous_5)
FN:30,(anonymous_6)
FN:38,(anonymous_7)
FN:47,(anonymous_8)
FN:60,(anonymous_9)
FN:69,(anonymous_10)
FN:77,(anonymous_11)
FNF:8
FNH:1
FNDA:1,(anonymous_4)
FNDA:0,(anonymous_5)
FNDA:0,(anonymous_6)
FNDA:0,(anonymous_7)
FNDA:0,(anonymous_8)
FNDA:0,(anonymous_9)
FNDA:0,(anonymous_10)
FNDA:0,(anonymous_11)
DA:1,1
DA:2,1
DA:4,1
DA:5,1
DA:6,1
DA:7,1
DA:10,1
DA:13,1
DA:15,1
DA:17,1
DA:21,0
DA:25,0
DA:26,0
DA:27,0
DA:31,0
DA:35,0
DA:43,0
DA:47,0
DA:48,0
DA:49,0
DA:50,0
DA:51,0
DA:53,0
DA:56,0
DA:57,0
DA:61,0
DA:62,0
DA:66,0
DA:70,0
DA:71,0
DA:76,0
DA:78,0
DA:83,0
DA:84,0
LF:34
LH:10
BRDA:48,0,0,0
BRF:1
BRH:0
end_of_record
TN:
SF:src/services/craftsman.service.ts
FN:11,(anonymous_4)
FN:20,(anonymous_5)
FN:37,(anonymous_6)
FN:43,(anonymous_7)
FN:55,(anonymous_8)
FN:75,(anonymous_9)
FNF:6
FNH:1
FNDA:1,(anonymous_4)
FNDA:0,(anonymous_5)
FNDA:0,(anonymous_6)
FNDA:0,(anonymous_7)
FNDA:0,(anonymous_8)
FNDA:0,(anonymous_9)
DA:1,1
DA:2,1
DA:4,1
DA:5,1
DA:6,1
DA:7,1
DA:10,1
DA:13,1
DA:15,1
DA:17,1
DA:25,0
DA:28,0
DA:31,0
DA:32,0
DA:33,0
DA:34,0
DA:38,0
DA:42,0
DA:44,0
DA:50,0
DA:52,0
DA:61,0
DA:62,0
DA:65,0
DA:68,0
DA:69,0
DA:70,0
DA:71,0
DA:72,0
DA:76,0
DA:77,0
DA:81,0
LF:32
LH:10
BRF:0
BRH:0
end_of_record
TN:
SF:src/services/people.service.ts
FN:15,(anonymous_4)
FN:26,(anonymous_5)
FN:47,(anonymous_6)
FN:51,(anonymous_7)
FN:61,(anonymous_8)
FN:70,(anonymous_9)
FN:78,(anonymous_10)
FN:87,(anonymous_11)
FN:100,(anonymous_12)
FN:107,(anonymous_13)
FN:111,(anonymous_14)
FN:121,(anonymous_15)
FN:128,(anonymous_16)
FN:132,(anonymous_17)
FN:144,(anonymous_18)
FNF:15
FNH:7
FNDA:1,(anonymous_4)
FNDA:4,(anonymous_5)
FNDA:1,(anonymous_6)
FNDA:2,(anonymous_7)
FNDA:2,(anonymous_8)
FNDA:2,(anonymous_9)
FNDA:1,(anonymous_10)
FNDA:0,(anonymous_11)
FNDA:0,(anonymous_12)
FNDA:0,(anonymous_13)
FNDA:0,(anonymous_14)
FNDA:0,(anonymous_15)
FNDA:0,(anonymous_16)
FNDA:0,(anonymous_17)
FNDA:0,(anonymous_18)
DA:1,1
DA:4,1
DA:5,1
DA:6,1
DA:7,1
DA:9,1
DA:11,1
DA:14,1
DA:17,1
DA:19,1
DA:21,1
DA:23,1
DA:24,1
DA:27,4
DA:28,4
DA:31,4
DA:32,3
DA:35,3
DA:36,0
DA:40,3
DA:43,3
DA:44,3
DA:48,1
DA:52,2
DA:56,2
DA:57,1
DA:58,1
DA:62,2
DA:63,2
DA:64,2
DA:65,1
DA:66,1
DA:67,1
DA:71,2
DA:72,2
DA:73,1
DA:74,1
DA:75,1
DA:79,1
DA:80,1
DA:81,1
DA:82,1
DA:83,0
DA:84,0
DA:92,0
DA:93,0
DA:94,0
DA:95,0
DA:96,0
DA:97,0
DA:101,0
DA:102,0
DA:103,0
DA:104,0
DA:108,0
DA:112,0
DA:116,0
DA:117,0
DA:118,0
DA:122,0
DA:123,0
DA:124,0
DA:125,0
DA:129,0
DA:133,0
DA:137,0
DA:140,0
DA:141,0
DA:149,0
DA:150,0
DA:151,0
DA:152,0
DA:153,0
DA:154,0
LF:74
LH:41
BRDA:31,0,0,1
BRDA:35,1,0,0
BRDA:43,2,0,0
BRDA:56,3,0,1
BRDA:64,4,0,1
BRDA:72,5,0,1
BRDA:81,6,0,1
BRF:7
BRH:5
end_of_record
TN:
SF:src/services/purchase.service.ts
FN:11,(anonymous_4)
FN:20,(anonymous_5)
FN:35,(anonymous_6)
FN:43,(anonymous_7)
FN:54,(anonymous_8)
FNF:5
FNH:1
FNDA:1,(anonymous_4)
FNDA:0,(anonymous_5)
FNDA:0,(anonymous_6)
FNDA:0,(anonymous_7)
FNDA:0,(anonymous_8)
DA:1,1
DA:2,1
DA:4,1
DA:5,1
DA:6,1
DA:7,1
DA:10,1
DA:13,1
DA:15,1
DA:17,1
DA:21,0
DA:25,0
DA:29,0
DA:30,0
DA:31,0
DA:32,0
DA:36,0
DA:40,0
DA:44,0
DA:48,0
DA:49,0
DA:50,0
DA:51,0
DA:55,0
DA:56,0
LF:25
LH:10
BRF:0
BRH:0
end_of_record
TN:
SF:src/utils/decimalColumnTRansformer.ts
FN:2,(anonymous_0)
FN:6,(anonymous_1)
FNF:2
FNH:0
FNDA:0,(anonymous_0)
FNDA:0,(anonymous_1)
DA:1,1
DA:3,0
DA:7,0
LF:3
LH:1
BRF:0
BRH:0
end_of_record
TN:
SF:src/utils/response.message.ts
FN:5,(anonymous_0)
FNF:1
FNH:1
FNDA:7,(anonymous_0)
DA:1,1
DA:6,7
DA:7,7
LF:3
LH:3
BRF:0
BRH:0
end_of_record
TN:
SF:test/connection.ts
FN:23,databaseIntegrationSetup
FN:38,closeDatabaseIntegration
FNF:2
FNH:2
FNDA:1,databaseIntegrationSetup
FNDA:1,closeDatabaseIntegration
DA:1,1
DA:4,1
DA:17,1
DA:23,1
DA:24,1
DA:25,1
DA:26,1
DA:28,0
DA:31,0
DA:32,0
DA:35,1
DA:38,1
DA:39,1
DA:40,1
DA:41,1
DA:43,0
DA:46,0
DA:47,0
LF:18
LH:12
BRDA:29,0,0,0
BRDA:29,0,1,0
BRDA:44,1,0,0
BRDA:44,1,1,0
BRF:4
BRH:0
end_of_record
TN:
SF:test/person.mock.ts
FNF:0
FNH:0
DA:3,1
DA:12,1
DA:17,1
DA:22,1
DA:27,1
DA:36,1
LF:6
LH:6
BRF:0
BRH:0
end_of_record
